<?xml version="1.0" encoding="UTF-8"?>
<coverage generated="1633253377742" clover="3.2.0">
  <project timestamp="1633253377743" name="All files">
    <metrics statements="254" coveredstatements="245" conditionals="79" coveredconditionals="53" methods="41" coveredmethods="36" elements="374" coveredelements="334" complexity="0" loc="254" ncloc="254" packages="12" files="37" classes="37"/>
    <package name="datagrid">
      <metrics statements="61" coveredstatements="59" conditionals="13" coveredconditionals="10" methods="10" coveredmethods="8"/>
      <file name="DataGrid.context.tsx" path="/Users/sachie/sach/upflow/datagrid-react-typescript/src/components/datagrid/DataGrid.context.tsx">
        <metrics statements="7" coveredstatements="6" conditionals="0" coveredconditionals="0" methods="2" coveredmethods="1"/>
        <line num="7" count="5" type="stmt"/>
        <line num="14" count="5" type="stmt"/>
        <line num="16" count="5" type="stmt"/>
        <line num="17" count="4" type="stmt"/>
        <line num="18" count="4" type="stmt"/>
        <line num="19" count="0" type="stmt"/>
        <line num="22" count="4" type="stmt"/>
      </file>
      <file name="DataGrid.css" path="/Users/sachie/sach/upflow/datagrid-react-typescript/src/components/datagrid/DataGrid.css">
        <metrics statements="1" coveredstatements="1" conditionals="0" coveredconditionals="0" methods="0" coveredmethods="0"/>
        <line num="1" count="1" type="stmt"/>
      </file>
      <file name="DataGrid.hooks.tsx" path="/Users/sachie/sach/upflow/datagrid-react-typescript/src/components/datagrid/DataGrid.hooks.tsx">
        <metrics statements="17" coveredstatements="16" conditionals="2" coveredconditionals="1" methods="6" coveredmethods="5"/>
        <line num="6" count="1" type="stmt"/>
        <line num="10" count="1" type="stmt"/>
        <line num="11" count="5" type="stmt"/>
        <line num="12" count="5" type="stmt"/>
        <line num="13" count="5" type="stmt"/>
        <line num="15" count="5" type="stmt"/>
        <line num="16" count="1" type="stmt"/>
        <line num="17" count="1" type="stmt"/>
        <line num="18" count="1" type="cond" truecount="1" falsecount="1"/>
        <line num="21" count="1" type="stmt"/>
        <line num="22" count="1" type="stmt"/>
        <line num="25" count="5" type="stmt"/>
        <line num="26" count="4" type="stmt"/>
        <line num="29" count="5" type="stmt"/>
        <line num="30" count="0" type="stmt"/>
        <line num="33" count="5" type="stmt"/>
        <line num="42" count="1" type="stmt"/>
      </file>
      <file name="DataGrid.tsx" path="/Users/sachie/sach/upflow/datagrid-react-typescript/src/components/datagrid/DataGrid.tsx">
        <metrics statements="36" coveredstatements="36" conditionals="11" coveredconditionals="9" methods="2" coveredmethods="2"/>
        <line num="1" count="1" type="stmt"/>
        <line num="3" count="1" type="stmt"/>
        <line num="4" count="1" type="stmt"/>
        <line num="5" count="1" type="stmt"/>
        <line num="6" count="1" type="stmt"/>
        <line num="7" count="1" type="stmt"/>
        <line num="8" count="1" type="stmt"/>
        <line num="9" count="1" type="stmt"/>
        <line num="10" count="1" type="stmt"/>
        <line num="12" count="1" type="stmt"/>
        <line num="14" count="1" type="stmt"/>
        <line num="15" count="5" type="stmt"/>
        <line num="16" count="5" type="stmt"/>
        <line num="17" count="5" type="stmt"/>
        <line num="18" count="5" type="stmt"/>
        <line num="19" count="5" type="stmt"/>
        <line num="20" count="5" type="stmt"/>
        <line num="21" count="5" type="stmt"/>
        <line num="22" count="5" type="stmt"/>
        <line num="23" count="5" type="stmt"/>
        <line num="24" count="5" type="stmt"/>
        <line num="25" count="5" type="stmt"/>
        <line num="26" count="5" type="stmt"/>
        <line num="27" count="5" type="stmt"/>
        <line num="30" count="5" type="stmt"/>
        <line num="31" count="5" type="stmt"/>
        <line num="32" count="5" type="stmt"/>
        <line num="33" count="5" type="stmt"/>
        <line num="34" count="5" type="stmt"/>
        <line num="35" count="5" type="stmt"/>
        <line num="37" count="5" type="stmt"/>
        <line num="38" count="4" type="stmt"/>
        <line num="41" count="5" type="cond" truecount="5" falsecount="0"/>
        <line num="42" count="1" type="cond" truecount="2" falsecount="0"/>
        <line num="45" count="4" type="stmt"/>
        <line num="80" count="1" type="stmt"/>
      </file>
    </package>
    <package name="datagrid.common">
      <metrics statements="2" coveredstatements="2" conditionals="0" coveredconditionals="0" methods="0" coveredmethods="0"/>
      <file name="constants.tsx" path="/Users/sachie/sach/upflow/datagrid-react-typescript/src/components/datagrid/common/constants.tsx">
        <metrics statements="2" coveredstatements="2" conditionals="0" coveredconditionals="0" methods="0" coveredmethods="0"/>
        <line num="1" count="2" type="stmt"/>
        <line num="2" count="2" type="stmt"/>
      </file>
    </package>
    <package name="datagrid.table">
      <metrics statements="6" coveredstatements="6" conditionals="0" coveredconditionals="0" methods="1" coveredmethods="1"/>
      <file name="Table.tsx" path="/Users/sachie/sach/upflow/datagrid-react-typescript/src/components/datagrid/table/Table.tsx">
        <metrics statements="4" coveredstatements="4" conditionals="0" coveredconditionals="0" methods="1" coveredmethods="1"/>
        <line num="1" count="2" type="stmt"/>
        <line num="7" count="5" type="stmt"/>
        <line num="8" count="5" type="stmt"/>
        <line num="11" count="2" type="stmt"/>
      </file>
      <file name="index.tsx" path="/Users/sachie/sach/upflow/datagrid-react-typescript/src/components/datagrid/table/index.tsx">
        <metrics statements="2" coveredstatements="2" conditionals="0" coveredconditionals="0" methods="0" coveredmethods="0"/>
        <line num="1" count="1" type="stmt"/>
        <line num="3" count="1" type="stmt"/>
      </file>
    </package>
    <package name="datagrid.tableBody">
      <metrics statements="21" coveredstatements="17" conditionals="13" coveredconditionals="6" methods="4" coveredmethods="3"/>
      <file name="TableBody.tsx" path="/Users/sachie/sach/upflow/datagrid-react-typescript/src/components/datagrid/tableBody/TableBody.tsx">
        <metrics statements="19" coveredstatements="15" conditionals="13" coveredconditionals="6" methods="4" coveredmethods="3"/>
        <line num="1" count="1" type="stmt"/>
        <line num="3" count="1" type="stmt"/>
        <line num="4" count="1" type="stmt"/>
        <line num="5" count="1" type="stmt"/>
        <line num="17" count="1" type="stmt"/>
        <line num="18" count="4" type="stmt"/>
        <line num="19" count="4" type="stmt"/>
        <line num="20" count="4" type="stmt"/>
        <line num="21" count="4" type="stmt"/>
        <line num="22" count="4" type="stmt"/>
        <line num="23" count="4" type="stmt"/>
        <line num="25" count="4" type="stmt"/>
        <line num="31" count="0" type="cond" truecount="0" falsecount="5"/>
        <line num="32" count="0" type="stmt"/>
        <line num="33" count="0" type="stmt"/>
        <line num="34" count="0" type="stmt"/>
        <line num="38" count="6" type="cond" truecount="3" falsecount="1"/>
        <line num="46" count="12" type="cond" truecount="2" falsecount="0"/>
        <line num="69" count="1" type="stmt"/>
      </file>
      <file name="index.tsx" path="/Users/sachie/sach/upflow/datagrid-react-typescript/src/components/datagrid/tableBody/index.tsx">
        <metrics statements="2" coveredstatements="2" conditionals="0" coveredconditionals="0" methods="0" coveredmethods="0"/>
        <line num="1" count="1" type="stmt"/>
        <line num="3" count="1" type="stmt"/>
      </file>
    </package>
    <package name="datagrid.tableCell">
      <metrics statements="50" coveredstatements="49" conditionals="17" coveredconditionals="14" methods="11" coveredmethods="10"/>
      <file name="TableCell.css" path="/Users/sachie/sach/upflow/datagrid-react-typescript/src/components/datagrid/tableCell/TableCell.css">
        <metrics statements="1" coveredstatements="1" conditionals="0" coveredconditionals="0" methods="0" coveredmethods="0"/>
        <line num="1" count="3" type="stmt"/>
      </file>
      <file name="TableCell.tsx" path="/Users/sachie/sach/upflow/datagrid-react-typescript/src/components/datagrid/tableCell/TableCell.tsx">
        <metrics statements="33" coveredstatements="33" conditionals="17" coveredconditionals="14" methods="6" coveredmethods="6"/>
        <line num="1" count="3" type="stmt"/>
        <line num="3" count="3" type="stmt"/>
        <line num="4" count="3" type="stmt"/>
        <line num="5" count="3" type="stmt"/>
        <line num="24" count="3" type="stmt"/>
        <line num="25" count="31" type="stmt"/>
        <line num="26" count="31" type="stmt"/>
        <line num="27" count="31" type="stmt"/>
        <line num="28" count="31" type="stmt"/>
        <line num="29" count="31" type="stmt"/>
        <line num="30" count="31" type="stmt"/>
        <line num="31" count="31" type="stmt"/>
        <line num="32" count="31" type="stmt"/>
        <line num="33" count="31" type="stmt"/>
        <line num="35" count="31" type="stmt"/>
        <line num="36" count="31" type="stmt"/>
        <line num="38" count="31" type="stmt"/>
        <line num="39" count="5" type="cond" truecount="1" falsecount="1"/>
        <line num="42" count="31" type="stmt"/>
        <line num="43" count="2" type="cond" truecount="1" falsecount="1"/>
        <line num="46" count="31" type="stmt"/>
        <line num="47" count="3" type="cond" truecount="2" falsecount="0"/>
        <line num="48" count="2" type="stmt"/>
        <line num="49" count="2" type="stmt"/>
        <line num="53" count="31" type="stmt"/>
        <line num="54" count="3" type="stmt"/>
        <line num="55" count="3" type="stmt"/>
        <line num="58" count="31" type="stmt"/>
        <line num="59" count="1" type="cond" truecount="1" falsecount="1"/>
        <line num="60" count="1" type="cond" truecount="2" falsecount="0"/>
        <line num="61" count="1" type="stmt"/>
        <line num="64" count="31" type="stmt"/>
        <line num="83" count="3" type="stmt"/>
      </file>
      <file name="TableCellEditableInput.tsx" path="/Users/sachie/sach/upflow/datagrid-react-typescript/src/components/datagrid/tableCell/TableCellEditableInput.tsx">
        <metrics statements="14" coveredstatements="13" conditionals="0" coveredconditionals="0" methods="5" coveredmethods="4"/>
        <line num="1" count="3" type="stmt"/>
        <line num="9" count="3" type="stmt"/>
        <line num="10" count="2" type="stmt"/>
        <line num="11" count="2" type="stmt"/>
        <line num="12" count="2" type="stmt"/>
        <line num="14" count="2" type="stmt"/>
        <line num="16" count="2" type="stmt"/>
        <line num="17" count="0" type="stmt"/>
        <line num="20" count="2" type="stmt"/>
        <line num="21" count="1" type="stmt"/>
        <line num="24" count="2" type="stmt"/>
        <line num="27" count="2" type="stmt"/>
        <line num="30" count="2" type="stmt"/>
        <line num="39" count="3" type="stmt"/>
      </file>
      <file name="index.tsx" path="/Users/sachie/sach/upflow/datagrid-react-typescript/src/components/datagrid/tableCell/index.tsx">
        <metrics statements="2" coveredstatements="2" conditionals="0" coveredconditionals="0" methods="0" coveredmethods="0"/>
        <line num="1" count="2" type="stmt"/>
        <line num="3" count="2" type="stmt"/>
      </file>
    </package>
    <package name="datagrid.tableCenteredContent">
      <metrics statements="8" coveredstatements="8" conditionals="0" coveredconditionals="0" methods="1" coveredmethods="1"/>
      <file name="TableCenteredContent.css" path="/Users/sachie/sach/upflow/datagrid-react-typescript/src/components/datagrid/tableCenteredContent/TableCenteredContent.css">
        <metrics statements="1" coveredstatements="1" conditionals="0" coveredconditionals="0" methods="0" coveredmethods="0"/>
        <line num="1" count="2" type="stmt"/>
      </file>
      <file name="TableCenteredContent.tsx" path="/Users/sachie/sach/upflow/datagrid-react-typescript/src/components/datagrid/tableCenteredContent/TableCenteredContent.tsx">
        <metrics statements="5" coveredstatements="5" conditionals="0" coveredconditionals="0" methods="1" coveredmethods="1"/>
        <line num="1" count="2" type="stmt"/>
        <line num="3" count="2" type="stmt"/>
        <line num="9" count="2" type="stmt"/>
        <line num="10" count="2" type="stmt"/>
        <line num="17" count="2" type="stmt"/>
      </file>
      <file name="index.tsx" path="/Users/sachie/sach/upflow/datagrid-react-typescript/src/components/datagrid/tableCenteredContent/index.tsx">
        <metrics statements="2" coveredstatements="2" conditionals="0" coveredconditionals="0" methods="0" coveredmethods="0"/>
        <line num="1" count="1" type="stmt"/>
        <line num="3" count="1" type="stmt"/>
      </file>
    </package>
    <package name="datagrid.tableFooter">
      <metrics statements="29" coveredstatements="27" conditionals="18" coveredconditionals="10" methods="4" coveredmethods="3"/>
      <file name="TableFooter.css" path="/Users/sachie/sach/upflow/datagrid-react-typescript/src/components/datagrid/tableFooter/TableFooter.css">
        <metrics statements="1" coveredstatements="1" conditionals="0" coveredconditionals="0" methods="0" coveredmethods="0"/>
        <line num="1" count="2" type="stmt"/>
      </file>
      <file name="TableFooter.tsx" path="/Users/sachie/sach/upflow/datagrid-react-typescript/src/components/datagrid/tableFooter/TableFooter.tsx">
        <metrics statements="18" coveredstatements="16" conditionals="14" coveredconditionals="7" methods="2" coveredmethods="1"/>
        <line num="1" count="2" type="stmt"/>
        <line num="3" count="2" type="stmt"/>
        <line num="4" count="2" type="stmt"/>
        <line num="5" count="2" type="stmt"/>
        <line num="7" count="2" type="stmt"/>
        <line num="8" count="2" type="stmt"/>
        <line num="18" count="2" type="stmt"/>
        <line num="19" count="5" type="stmt"/>
        <line num="20" count="5" type="stmt"/>
        <line num="21" count="5" type="stmt"/>
        <line num="22" count="5" type="stmt"/>
        <line num="23" count="5" type="stmt"/>
        <line num="25" count="5" type="stmt"/>
        <line num="26" count="5" type="stmt"/>
        <line num="29" count="0" type="stmt"/>
        <line num="30" count="0" type="stmt"/>
        <line num="33" count="5" type="stmt"/>
        <line num="51" count="2" type="stmt"/>
      </file>
      <file name="TablePageLimit.tsx" path="/Users/sachie/sach/upflow/datagrid-react-typescript/src/components/datagrid/tableFooter/TablePageLimit.tsx">
        <metrics statements="8" coveredstatements="8" conditionals="4" coveredconditionals="3" methods="2" coveredmethods="2"/>
        <line num="1" count="2" type="stmt"/>
        <line num="11" count="2" type="stmt"/>
        <line num="12" count="5" type="stmt"/>
        <line num="13" count="5" type="stmt"/>
        <line num="14" count="5" type="stmt"/>
        <line num="16" count="5" type="stmt"/>
        <line num="24" count="18" type="cond" truecount="3" falsecount="1"/>
        <line num="32" count="2" type="stmt"/>
      </file>
      <file name="index.tsx" path="/Users/sachie/sach/upflow/datagrid-react-typescript/src/components/datagrid/tableFooter/index.tsx">
        <metrics statements="2" coveredstatements="2" conditionals="0" coveredconditionals="0" methods="0" coveredmethods="0"/>
        <line num="1" count="1" type="stmt"/>
        <line num="3" count="1" type="stmt"/>
      </file>
    </package>
    <package name="datagrid.tableHeader">
      <metrics statements="19" coveredstatements="19" conditionals="6" coveredconditionals="4" methods="2" coveredmethods="2"/>
      <file name="TableHeader.css" path="/Users/sachie/sach/upflow/datagrid-react-typescript/src/components/datagrid/tableHeader/TableHeader.css">
        <metrics statements="1" coveredstatements="1" conditionals="0" coveredconditionals="0" methods="0" coveredmethods="0"/>
        <line num="1" count="2" type="stmt"/>
      </file>
      <file name="TableHeader.tsx" path="/Users/sachie/sach/upflow/datagrid-react-typescript/src/components/datagrid/tableHeader/TableHeader.tsx">
        <metrics statements="16" coveredstatements="16" conditionals="6" coveredconditionals="4" methods="2" coveredmethods="2"/>
        <line num="1" count="2" type="stmt"/>
        <line num="3" count="2" type="stmt"/>
        <line num="4" count="2" type="stmt"/>
        <line num="5" count="2" type="stmt"/>
        <line num="6" count="2" type="stmt"/>
        <line num="8" count="2" type="stmt"/>
        <line num="18" count="2" type="stmt"/>
        <line num="19" count="5" type="stmt"/>
        <line num="20" count="5" type="stmt"/>
        <line num="21" count="5" type="stmt"/>
        <line num="22" count="5" type="stmt"/>
        <line num="23" count="5" type="stmt"/>
        <line num="25" count="5" type="stmt"/>
        <line num="26" count="5" type="stmt"/>
        <line num="31" count="10" type="cond" truecount="2" falsecount="0"/>
        <line num="48" count="2" type="stmt"/>
      </file>
      <file name="index.tsx" path="/Users/sachie/sach/upflow/datagrid-react-typescript/src/components/datagrid/tableHeader/index.tsx">
        <metrics statements="2" coveredstatements="2" conditionals="0" coveredconditionals="0" methods="0" coveredmethods="0"/>
        <line num="1" count="1" type="stmt"/>
        <line num="3" count="1" type="stmt"/>
      </file>
    </package>
    <package name="datagrid.tableLoader">
      <metrics statements="8" coveredstatements="8" conditionals="0" coveredconditionals="0" methods="1" coveredmethods="1"/>
      <file name="TableLoader.css" path="/Users/sachie/sach/upflow/datagrid-react-typescript/src/components/datagrid/tableLoader/TableLoader.css">
        <metrics statements="1" coveredstatements="1" conditionals="0" coveredconditionals="0" methods="0" coveredmethods="0"/>
        <line num="1" count="2" type="stmt"/>
      </file>
      <file name="TableLoader.tsx" path="/Users/sachie/sach/upflow/datagrid-react-typescript/src/components/datagrid/tableLoader/TableLoader.tsx">
        <metrics statements="5" coveredstatements="5" conditionals="0" coveredconditionals="0" methods="1" coveredmethods="1"/>
        <line num="1" count="2" type="stmt"/>
        <line num="3" count="2" type="stmt"/>
        <line num="9" count="2" type="stmt"/>
        <line num="10" count="1" type="stmt"/>
        <line num="17" count="2" type="stmt"/>
      </file>
      <file name="index.tsx" path="/Users/sachie/sach/upflow/datagrid-react-typescript/src/components/datagrid/tableLoader/index.tsx">
        <metrics statements="2" coveredstatements="2" conditionals="0" coveredconditionals="0" methods="0" coveredmethods="0"/>
        <line num="1" count="1" type="stmt"/>
        <line num="3" count="1" type="stmt"/>
      </file>
    </package>
    <package name="datagrid.tablePagination">
      <metrics statements="26" coveredstatements="26" conditionals="4" coveredconditionals="3" methods="3" coveredmethods="3"/>
      <file name="TablePagination.css" path="/Users/sachie/sach/upflow/datagrid-react-typescript/src/components/datagrid/tablePagination/TablePagination.css">
        <metrics statements="1" coveredstatements="1" conditionals="0" coveredconditionals="0" methods="0" coveredmethods="0"/>
        <line num="1" count="3" type="stmt"/>
      </file>
      <file name="TablePagination.tsx" path="/Users/sachie/sach/upflow/datagrid-react-typescript/src/components/datagrid/tablePagination/TablePagination.tsx">
        <metrics statements="10" coveredstatements="10" conditionals="4" coveredconditionals="3" methods="1" coveredmethods="1"/>
        <line num="1" count="3" type="stmt"/>
        <line num="3" count="3" type="stmt"/>
        <line num="4" count="3" type="stmt"/>
        <line num="6" count="3" type="stmt"/>
        <line num="12" count="3" type="stmt"/>
        <line num="13" count="10" type="stmt"/>
        <line num="16" count="2" type="stmt"/>
        <line num="17" count="2" type="stmt"/>
        <line num="19" count="2" type="stmt"/>
        <line num="35" count="3" type="stmt"/>
      </file>
      <file name="TablePaginationAction.tsx" path="/Users/sachie/sach/upflow/datagrid-react-typescript/src/components/datagrid/tablePagination/TablePaginationAction.tsx">
        <metrics statements="6" coveredstatements="6" conditionals="0" coveredconditionals="0" methods="1" coveredmethods="1"/>
        <line num="1" count="4" type="stmt"/>
        <line num="8" count="4" type="stmt"/>
        <line num="9" count="3" type="stmt"/>
        <line num="10" count="3" type="stmt"/>
        <line num="12" count="3" type="stmt"/>
        <line num="20" count="4" type="stmt"/>
      </file>
      <file name="TablePaginationData.tsx" path="/Users/sachie/sach/upflow/datagrid-react-typescript/src/components/datagrid/tablePagination/TablePaginationData.tsx">
        <metrics statements="7" coveredstatements="7" conditionals="0" coveredconditionals="0" methods="1" coveredmethods="1"/>
        <line num="1" count="3" type="stmt"/>
        <line num="9" count="3" type="stmt"/>
        <line num="10" count="1" type="stmt"/>
        <line num="11" count="1" type="stmt"/>
        <line num="12" count="1" type="stmt"/>
        <line num="14" count="1" type="stmt"/>
        <line num="22" count="3" type="stmt"/>
      </file>
      <file name="index.tsx" path="/Users/sachie/sach/upflow/datagrid-react-typescript/src/components/datagrid/tablePagination/index.tsx">
        <metrics statements="2" coveredstatements="2" conditionals="0" coveredconditionals="0" methods="0" coveredmethods="0"/>
        <line num="1" count="2" type="stmt"/>
        <line num="3" count="2" type="stmt"/>
      </file>
    </package>
    <package name="datagrid.tableRow">
      <metrics statements="8" coveredstatements="8" conditionals="0" coveredconditionals="0" methods="1" coveredmethods="1"/>
      <file name="TableRow.css" path="/Users/sachie/sach/upflow/datagrid-react-typescript/src/components/datagrid/tableRow/TableRow.css">
        <metrics statements="1" coveredstatements="1" conditionals="0" coveredconditionals="0" methods="0" coveredmethods="0"/>
        <line num="1" count="3" type="stmt"/>
      </file>
      <file name="TableRow.tsx" path="/Users/sachie/sach/upflow/datagrid-react-typescript/src/components/datagrid/tableRow/TableRow.tsx">
        <metrics statements="5" coveredstatements="5" conditionals="0" coveredconditionals="0" methods="1" coveredmethods="1"/>
        <line num="1" count="3" type="stmt"/>
        <line num="3" count="3" type="stmt"/>
        <line num="10" count="12" type="stmt"/>
        <line num="11" count="12" type="stmt"/>
        <line num="18" count="3" type="stmt"/>
      </file>
      <file name="index.tsx" path="/Users/sachie/sach/upflow/datagrid-react-typescript/src/components/datagrid/tableRow/index.tsx">
        <metrics statements="2" coveredstatements="2" conditionals="0" coveredconditionals="0" methods="0" coveredmethods="0"/>
        <line num="1" count="2" type="stmt"/>
        <line num="3" count="2" type="stmt"/>
      </file>
    </package>
    <package name="datagrid.tableRowAction">
      <metrics statements="16" coveredstatements="16" conditionals="8" coveredconditionals="6" methods="3" coveredmethods="3"/>
      <file name="TableRowAction.css" path="/Users/sachie/sach/upflow/datagrid-react-typescript/src/components/datagrid/tableRowAction/TableRowAction.css">
        <metrics statements="1" coveredstatements="1" conditionals="0" coveredconditionals="0" methods="0" coveredmethods="0"/>
        <line num="1" count="3" type="stmt"/>
      </file>
      <file name="TableRowAction.tsx" path="/Users/sachie/sach/upflow/datagrid-react-typescript/src/components/datagrid/tableRowAction/TableRowAction.tsx">
        <metrics statements="13" coveredstatements="13" conditionals="8" coveredconditionals="6" methods="3" coveredmethods="3"/>
        <line num="1" count="3" type="stmt"/>
        <line num="3" count="3" type="stmt"/>
        <line num="5" count="3" type="stmt"/>
        <line num="14" count="3" type="stmt"/>
        <line num="15" count="3" type="stmt"/>
        <line num="16" count="3" type="stmt"/>
        <line num="17" count="3" type="stmt"/>
        <line num="18" count="3" type="stmt"/>
        <line num="20" count="3" type="stmt"/>
        <line num="21" count="3" type="stmt"/>
        <line num="31" count="3" type="cond" truecount="3" falsecount="1"/>
        <line num="35" count="2" type="stmt"/>
        <line num="46" count="3" type="stmt"/>
      </file>
      <file name="index.tsx" path="/Users/sachie/sach/upflow/datagrid-react-typescript/src/components/datagrid/tableRowAction/index.tsx">
        <metrics statements="2" coveredstatements="2" conditionals="0" coveredconditionals="0" methods="0" coveredmethods="0"/>
        <line num="1" count="2" type="stmt"/>
        <line num="3" count="2" type="stmt"/>
      </file>
    </package>
  </project>
</coverage>
