{"/Users/sachie/sach/upflow/datagrid-react-typescript/src/components/datagrid/common/constants.tsx": {"path":"/Users/sachie/sach/upflow/datagrid-react-typescript/src/components/datagrid/common/constants.tsx","statementMap":{"0":{"start":{"line":1,"column":13},"end":{"line":1,"column":29}},"1":{"start":{"line":2,"column":13},"end":{"line":2,"column":45}}},"fnMap":{},"branchMap":{},"s":{"0":1,"1":1},"f":{},"b":{}}
,"/Users/sachie/sach/upflow/datagrid-react-typescript/src/components/datagrid/tableCell/TableCell.css": {"path":"/Users/sachie/sach/upflow/datagrid-react-typescript/src/components/datagrid/tableCell/TableCell.css","statementMap":{"0":{"start":{"line":1,"column":0},"end":{"line":1,"column":20}}},"fnMap":{},"branchMap":{},"s":{"0":1},"f":{},"b":{},"inputSourceMap":null,"_coverageSchema":"1a1c01bbd47fc00a2c39e90264f33305004495a9","hash":"1d4a9b7327877452d74ee7aaef7b03a3fc2edc4a"}
,"/Users/sachie/sach/upflow/datagrid-react-typescript/src/components/datagrid/tableCell/TableCell.tsx": {"path":"/Users/sachie/sach/upflow/datagrid-react-typescript/src/components/datagrid/tableCell/TableCell.tsx","statementMap":{"0":{"start":{"line":1,"column":0},"end":{"line":1,"column":26}},"1":{"start":{"line":3,"column":0},"end":{"line":3,"column":62}},"2":{"start":{"line":4,"column":0},"end":{"line":4,"column":25}},"3":{"start":{"line":23,"column":38},"end":{"line":73,"column":1}},"4":{"start":{"line":24,"column":11},"end":{"line":24,"column":null}},"5":{"start":{"line":25,"column":11},"end":{"line":25,"column":null}},"6":{"start":{"line":26,"column":11},"end":{"line":26,"column":null}},"7":{"start":{"line":27,"column":10},"end":{"line":27,"column":null}},"8":{"start":{"line":28,"column":8},"end":{"line":28,"column":null}},"9":{"start":{"line":29,"column":8},"end":{"line":29,"column":null}},"10":{"start":{"line":30,"column":11},"end":{"line":30,"column":null}},"11":{"start":{"line":31,"column":13},"end":{"line":31,"column":null}},"12":{"start":{"line":32,"column":19},"end":{"line":32,"column":null}},"13":{"start":{"line":34,"column":32},"end":{"line":34,"column":53}},"14":{"start":{"line":34,"column":16},"end":{"line":34,"column":18}},"15":{"start":{"line":34,"column":28},"end":{"line":34,"column":32}},"16":{"start":{"line":36,"column":25},"end":{"line":38,"column":3}},"17":{"start":{"line":37,"column":4},"end":{"line":37,"column":44}},"18":{"start":{"line":37,"column":21},"end":{"line":37,"column":44}},"19":{"start":{"line":40,"column":28},"end":{"line":44,"column":3}},"20":{"start":{"line":41,"column":4},"end":{"line":43,"column":null}},"21":{"start":{"line":42,"column":6},"end":{"line":42,"column":23}},"22":{"start":{"line":46,"column":19},"end":{"line":48,"column":3}},"23":{"start":{"line":47,"column":4},"end":{"line":47,"column":22}},"24":{"start":{"line":50,"column":22},"end":{"line":54,"column":3}},"25":{"start":{"line":51,"column":4},"end":{"line":52,"column":75}},"26":{"start":{"line":52,"column":6},"end":{"line":52,"column":75}},"27":{"start":{"line":53,"column":4},"end":{"line":53,"column":15}},"28":{"start":{"line":56,"column":2},"end":{"line":72,"column":4}},"29":{"start":{"line":75,"column":0},"end":{"line":75,"column":25}}},"fnMap":{"0":{"name":"(anonymous_3)","decl":{"start":{"line":23,"column":38},"end":{"line":23,"column":39}},"loc":{"start":{"line":33,"column":11},"end":{"line":73,"column":1}}},"1":{"name":"(anonymous_4)","decl":{"start":{"line":36,"column":25},"end":{"line":36,"column":null}},"loc":{"start":{"line":36,"column":25},"end":{"line":38,"column":3}}},"2":{"name":"(anonymous_5)","decl":{"start":{"line":40,"column":28},"end":{"line":40,"column":null}},"loc":{"start":{"line":40,"column":28},"end":{"line":44,"column":3}}},"3":{"name":"(anonymous_6)","decl":{"start":{"line":46,"column":19},"end":{"line":46,"column":null}},"loc":{"start":{"line":46,"column":19},"end":{"line":48,"column":3}}},"4":{"name":"(anonymous_7)","decl":{"start":{"line":50,"column":22},"end":{"line":50,"column":23}},"loc":{"start":{"line":50,"column":44},"end":{"line":54,"column":3}}}},"branchMap":{"0":{"loc":{"start":{"line":37,"column":4},"end":{"line":37,"column":44}},"type":"if","locations":[{"start":{"line":37,"column":4},"end":{"line":37,"column":44}},{"start":{"line":37,"column":4},"end":{"line":37,"column":44}}]},"1":{"loc":{"start":{"line":41,"column":4},"end":{"line":43,"column":null}},"type":"if","locations":[{"start":{"line":41,"column":4},"end":{"line":43,"column":null}},{"start":{"line":41,"column":4},"end":{"line":43,"column":null}}]},"2":{"loc":{"start":{"line":51,"column":4},"end":{"line":52,"column":75}},"type":"if","locations":[{"start":{"line":51,"column":4},"end":{"line":52,"column":75}},{"start":{"line":51,"column":4},"end":{"line":52,"column":75}}]},"3":{"loc":{"start":{"line":52,"column":58},"end":{"line":52,"column":67}},"type":"binary-expr","locations":[{"start":{"line":52,"column":58},"end":{"line":52,"column":67}},{"start":{"line":52,"column":71},"end":{"line":52,"column":73}}]},"4":{"loc":{"start":{"line":58,"column":17},"end":{"line":58,"column":26}},"type":"binary-expr","locations":[{"start":{"line":58,"column":17},"end":{"line":58,"column":26}},{"start":{"line":58,"column":30},"end":{"line":58,"column":42}}]},"5":{"loc":{"start":{"line":63,"column":7},"end":{"line":63,"column":15}},"type":"binary-expr","locations":[{"start":{"line":63,"column":7},"end":{"line":63,"column":15}},{"start":{"line":63,"column":20},"end":{"line":63,"column":29}},{"start":{"line":63,"column":33},"end":{"line":63,"column":42}}]},"6":{"loc":{"start":{"line":65,"column":8},"end":{"line":68,"column":null}},"type":"cond-expr","locations":[{"start":{"line":65,"column":8},"end":{"line":68,"column":null}},{"start":{"line":70,"column":10},"end":{"line":70,"column":14}}]}},"s":{"0":1,"1":1,"2":1,"3":1,"4":2,"5":2,"6":2,"7":2,"8":2,"9":2,"10":2,"11":2,"12":2,"13":2,"14":2,"15":2,"16":2,"17":0,"18":0,"19":2,"20":0,"21":0,"22":2,"23":0,"24":2,"25":0,"26":0,"27":0,"28":2,"29":1},"f":{"0":2,"1":0,"2":0,"3":0,"4":0},"b":{"0":[0,0],"1":[0,0],"2":[0,0],"3":[0,0],"4":[2,0],"5":[2,2,0],"6":[0,2]}}
,"/Users/sachie/sach/upflow/datagrid-react-typescript/src/components/datagrid/tableCell/TableCellEditableInput.tsx": {"path":"/Users/sachie/sach/upflow/datagrid-react-typescript/src/components/datagrid/tableCell/TableCellEditableInput.tsx","statementMap":{"0":{"start":{"line":1,"column":0},"end":{"line":1,"column":26}},"1":{"start":{"line":9,"column":51},"end":{"line":31,"column":1}},"2":{"start":{"line":10,"column":18},"end":{"line":10,"column":null}},"3":{"start":{"line":11,"column":13},"end":{"line":11,"column":null}},"4":{"start":{"line":12,"column":10},"end":{"line":12,"column":null}},"5":{"start":{"line":14,"column":44},"end":{"line":14,"column":76}},"6":{"start":{"line":14,"column":22},"end":{"line":14,"column":24}},"7":{"start":{"line":14,"column":40},"end":{"line":14,"column":44}},"8":{"start":{"line":16,"column":19},"end":{"line":18,"column":3}},"9":{"start":{"line":17,"column":4},"end":{"line":17,"column":44}},"10":{"start":{"line":20,"column":29},"end":{"line":22,"column":3}},"11":{"start":{"line":21,"column":4},"end":{"line":21,"column":31}},"12":{"start":{"line":24,"column":2},"end":{"line":30,"column":4}},"13":{"start":{"line":33,"column":0},"end":{"line":33,"column":38}}},"fnMap":{"0":{"name":"(anonymous_3)","decl":{"start":{"line":9,"column":51},"end":{"line":9,"column":52}},"loc":{"start":{"line":13,"column":11},"end":{"line":31,"column":1}}},"1":{"name":"(anonymous_4)","decl":{"start":{"line":16,"column":19},"end":{"line":16,"column":20}},"loc":{"start":{"line":16,"column":56},"end":{"line":18,"column":3}}},"2":{"name":"(anonymous_5)","decl":{"start":{"line":20,"column":29},"end":{"line":20,"column":null}},"loc":{"start":{"line":20,"column":29},"end":{"line":22,"column":3}}}},"branchMap":{},"s":{"0":1,"1":1,"2":0,"3":0,"4":0,"5":0,"6":0,"7":0,"8":0,"9":0,"10":0,"11":0,"12":0,"13":1},"f":{"0":0,"1":0,"2":0},"b":{}}
,"/Users/sachie/sach/upflow/datagrid-react-typescript/src/components/datagrid/tableCell/index.tsx": {"path":"/Users/sachie/sach/upflow/datagrid-react-typescript/src/components/datagrid/tableCell/index.tsx","statementMap":{"0":{"start":{"line":1,"column":0},"end":{"line":1,"column":36}},"1":{"start":{"line":3,"column":0},"end":{"line":3,"column":25}}},"fnMap":{},"branchMap":{},"s":{"0":1,"1":1},"f":{},"b":{}}
,"/Users/sachie/sach/upflow/datagrid-react-typescript/src/components/datagrid/tableCenteredContent/TableCenteredContent.css": {"path":"/Users/sachie/sach/upflow/datagrid-react-typescript/src/components/datagrid/tableCenteredContent/TableCenteredContent.css","statementMap":{"0":{"start":{"line":1,"column":0},"end":{"line":1,"column":20}}},"fnMap":{},"branchMap":{},"s":{"0":1},"f":{},"b":{},"inputSourceMap":null,"_coverageSchema":"1a1c01bbd47fc00a2c39e90264f33305004495a9","hash":"98b1489a50e8ef0643545a02a4ce1a6861b35043"}
,"/Users/sachie/sach/upflow/datagrid-react-typescript/src/components/datagrid/tableCenteredContent/TableCenteredContent.tsx": {"path":"/Users/sachie/sach/upflow/datagrid-react-typescript/src/components/datagrid/tableCenteredContent/TableCenteredContent.tsx","statementMap":{"0":{"start":{"line":1,"column":0},"end":{"line":1,"column":26}},"1":{"start":{"line":3,"column":0},"end":{"line":3,"column":36}},"2":{"start":{"line":9,"column":49},"end":{"line":15,"column":1}},"3":{"start":{"line":9,"column":57},"end":{"line":9,"column":69}},"4":{"start":{"line":10,"column":2},"end":{"line":14,"column":4}},"5":{"start":{"line":17,"column":0},"end":{"line":17,"column":48}}},"fnMap":{"0":{"name":"(anonymous_3)","decl":{"start":{"line":9,"column":49},"end":{"line":9,"column":50}},"loc":{"start":{"line":9,"column":69},"end":{"line":15,"column":1}}}},"branchMap":{},"s":{"0":1,"1":1,"2":1,"3":1,"4":1,"5":1},"f":{"0":1},"b":{}}
,"/Users/sachie/sach/upflow/datagrid-react-typescript/src/components/datagrid/tableFooter/TableFooter.css": {"path":"/Users/sachie/sach/upflow/datagrid-react-typescript/src/components/datagrid/tableFooter/TableFooter.css","statementMap":{"0":{"start":{"line":1,"column":0},"end":{"line":1,"column":20}}},"fnMap":{},"branchMap":{},"s":{"0":1},"f":{},"b":{},"inputSourceMap":null,"_coverageSchema":"1a1c01bbd47fc00a2c39e90264f33305004495a9","hash":"08172cb2540faccae6df6d2ba805b266a651b23a"}
,"/Users/sachie/sach/upflow/datagrid-react-typescript/src/components/datagrid/tableFooter/TableFooter.tsx": {"path":"/Users/sachie/sach/upflow/datagrid-react-typescript/src/components/datagrid/tableFooter/TableFooter.tsx","statementMap":{"0":{"start":{"line":1,"column":0},"end":{"line":1,"column":26}},"1":{"start":{"line":3,"column":0},"end":{"line":3,"column":49}},"2":{"start":{"line":4,"column":0},"end":{"line":4,"column":46}},"3":{"start":{"line":6,"column":0},"end":{"line":6,"column":62}},"4":{"start":{"line":7,"column":0},"end":{"line":7,"column":27}},"5":{"start":{"line":17,"column":40},"end":{"line":43,"column":1}},"6":{"start":{"line":18,"column":12},"end":{"line":18,"column":null}},"7":{"start":{"line":19,"column":12},"end":{"line":19,"column":null}},"8":{"start":{"line":20,"column":18},"end":{"line":20,"column":null}},"9":{"start":{"line":21,"column":17},"end":{"line":21,"column":null}},"10":{"start":{"line":22,"column":19},"end":{"line":22,"column":null}},"11":{"start":{"line":24,"column":34},"end":{"line":29,"column":3}},"12":{"start":{"line":27,"column":4},"end":{"line":27,"column":50}},"13":{"start":{"line":28,"column":4},"end":{"line":28,"column":52}},"14":{"start":{"line":31,"column":2},"end":{"line":42,"column":4}},"15":{"start":{"line":45,"column":0},"end":{"line":45,"column":39}}},"fnMap":{"0":{"name":"(anonymous_3)","decl":{"start":{"line":17,"column":40},"end":{"line":17,"column":41}},"loc":{"start":{"line":23,"column":11},"end":{"line":43,"column":1}}},"1":{"name":"(anonymous_4)","decl":{"start":{"line":24,"column":34},"end":{"line":24,"column":null}},"loc":{"start":{"line":25,"column":47},"end":{"line":29,"column":3}}}},"branchMap":{"0":{"loc":{"start":{"line":34,"column":26},"end":{"line":34,"column":42}},"type":"binary-expr","locations":[{"start":{"line":34,"column":26},"end":{"line":34,"column":42}},{"start":{"line":34,"column":46},"end":{"line":34,"column":56}}]},"1":{"loc":{"start":{"line":35,"column":20},"end":{"line":35,"column":30}},"type":"binary-expr","locations":[{"start":{"line":35,"column":20},"end":{"line":35,"column":30}},{"start":{"line":35,"column":34},"end":{"line":35,"column":45}}]},"2":{"loc":{"start":{"line":39,"column":8},"end":{"line":39,"column":51}},"type":"cond-expr","locations":[{"start":{"line":39,"column":8},"end":{"line":39,"column":51}},{"start":{"line":40,"column":10},"end":{"line":40,"column":14}}]},"3":{"loc":{"start":{"line":38,"column":7},"end":{"line":38,"column":17}},"type":"binary-expr","locations":[{"start":{"line":38,"column":7},"end":{"line":38,"column":17}},{"start":{"line":38,"column":21},"end":{"line":38,"column":37}}]},"4":{"loc":{"start":{"line":38,"column":31},"end":{"line":38,"column":33}},"type":"cond-expr","locations":[{"start":{"line":38,"column":31},"end":{"line":38,"column":33}},{"start":{"line":38,"column":21},"end":{"line":38,"column":37}}]},"5":{"loc":{"start":{"line":38,"column":21},"end":{"line":38,"column":33}},"type":"binary-expr","locations":[{"start":{"line":38,"column":21},"end":{"line":38,"column":33}},{"start":{"line":38,"column":21},"end":{"line":38,"column":33}}]}},"s":{"0":1,"1":1,"2":1,"3":1,"4":1,"5":1,"6":1,"7":1,"8":1,"9":1,"10":1,"11":1,"12":0,"13":0,"14":1,"15":1},"f":{"0":1,"1":0},"b":{"0":[1,0],"1":[1,0],"2":[0,1],"3":[1,0],"4":[0,0],"5":[0,0]}}
,"/Users/sachie/sach/upflow/datagrid-react-typescript/src/components/datagrid/tableFooter/TablePageLimit.tsx": {"path":"/Users/sachie/sach/upflow/datagrid-react-typescript/src/components/datagrid/tableFooter/TablePageLimit.tsx","statementMap":{"0":{"start":{"line":1,"column":0},"end":{"line":1,"column":26}},"1":{"start":{"line":11,"column":43},"end":{"line":30,"column":1}},"2":{"start":{"line":12,"column":18},"end":{"line":12,"column":null}},"3":{"start":{"line":13,"column":12},"end":{"line":13,"column":null}},"4":{"start":{"line":14,"column":25},"end":{"line":14,"column":null}},"5":{"start":{"line":16,"column":2},"end":{"line":29,"column":4}},"6":{"start":{"line":24,"column":51},"end":{"line":26,"column":10}},"7":{"start":{"line":32,"column":0},"end":{"line":32,"column":42}}},"fnMap":{"0":{"name":"(anonymous_3)","decl":{"start":{"line":11,"column":43},"end":{"line":11,"column":44}},"loc":{"start":{"line":15,"column":11},"end":{"line":30,"column":1}}},"1":{"name":"(anonymous_4)","decl":{"start":{"line":24,"column":25},"end":{"line":24,"column":26}},"loc":{"start":{"line":24,"column":46},"end":{"line":24,"column":null}}}},"branchMap":{"0":{"loc":{"start":{"line":24,"column":19},"end":{"line":24,"column":21}},"type":"cond-expr","locations":[{"start":{"line":24,"column":19},"end":{"line":24,"column":21}},{"start":{"line":24,"column":9},"end":{"line":26,"column":10}}]},"1":{"loc":{"start":{"line":24,"column":9},"end":{"line":24,"column":21}},"type":"binary-expr","locations":[{"start":{"line":24,"column":9},"end":{"line":24,"column":21}},{"start":{"line":24,"column":9},"end":{"line":24,"column":21}}]}},"s":{"0":1,"1":1,"2":1,"3":1,"4":1,"5":1,"6":2,"7":1},"f":{"0":1,"1":2},"b":{"0":[0,1],"1":[1,1]}}
,"/Users/sachie/sach/upflow/datagrid-react-typescript/src/components/datagrid/tableHeader/TableHeader.css": {"path":"/Users/sachie/sach/upflow/datagrid-react-typescript/src/components/datagrid/tableHeader/TableHeader.css","statementMap":{"0":{"start":{"line":1,"column":0},"end":{"line":1,"column":20}}},"fnMap":{},"branchMap":{},"s":{"0":1},"f":{},"b":{},"inputSourceMap":null,"_coverageSchema":"1a1c01bbd47fc00a2c39e90264f33305004495a9","hash":"736a474f77bcc8ce987f7238c4f47604757b205f"}
,"/Users/sachie/sach/upflow/datagrid-react-typescript/src/components/datagrid/tableHeader/TableHeader.tsx": {"path":"/Users/sachie/sach/upflow/datagrid-react-typescript/src/components/datagrid/tableHeader/TableHeader.tsx","statementMap":{"0":{"start":{"line":1,"column":0},"end":{"line":1,"column":26}},"1":{"start":{"line":3,"column":0},"end":{"line":3,"column":35}},"2":{"start":{"line":4,"column":0},"end":{"line":4,"column":37}},"3":{"start":{"line":5,"column":0},"end":{"line":5,"column":47}},"4":{"start":{"line":7,"column":0},"end":{"line":7,"column":27}},"5":{"start":{"line":17,"column":40},"end":{"line":42,"column":1}},"6":{"start":{"line":18,"column":9},"end":{"line":18,"column":null}},"7":{"start":{"line":19,"column":9},"end":{"line":19,"column":null}},"8":{"start":{"line":20,"column":14},"end":{"line":20,"column":null}},"9":{"start":{"line":21,"column":17},"end":{"line":21,"column":null}},"10":{"start":{"line":22,"column":19},"end":{"line":22,"column":null}},"11":{"start":{"line":24,"column":2},"end":{"line":41,"column":4}},"12":{"start":{"line":29,"column":10},"end":{"line":37,"column":null}},"13":{"start":{"line":44,"column":0},"end":{"line":44,"column":39}}},"fnMap":{"0":{"name":"(anonymous_3)","decl":{"start":{"line":17,"column":40},"end":{"line":17,"column":41}},"loc":{"start":{"line":23,"column":11},"end":{"line":42,"column":1}}},"1":{"name":"(anonymous_4)","decl":{"start":{"line":27,"column":8},"end":{"line":27,"column":9}},"loc":{"start":{"line":27,"column":38},"end":{"line":29,"column":16}}}},"branchMap":{"0":{"loc":{"start":{"line":29,"column":10},"end":{"line":29,"column":16}},"type":"binary-expr","locations":[{"start":{"line":29,"column":10},"end":{"line":29,"column":16}},{"start":{"line":30,"column":12},"end":{"line":31,"column":null}}]},"1":{"loc":{"start":{"line":39,"column":25},"end":{"line":39,"column":50}},"type":"cond-expr","locations":[{"start":{"line":39,"column":25},"end":{"line":39,"column":50}},{"start":{"line":39,"column":53},"end":{"line":39,"column":57}}]}},"s":{"0":1,"1":1,"2":1,"3":1,"4":1,"5":1,"6":1,"7":1,"8":1,"9":1,"10":1,"11":1,"12":2,"13":1},"f":{"0":1,"1":2},"b":{"0":[2,2],"1":[0,1]}}
,"/Users/sachie/sach/upflow/datagrid-react-typescript/src/components/datagrid/tableLoader/TableLoader.css": {"path":"/Users/sachie/sach/upflow/datagrid-react-typescript/src/components/datagrid/tableLoader/TableLoader.css","statementMap":{"0":{"start":{"line":1,"column":0},"end":{"line":1,"column":20}}},"fnMap":{},"branchMap":{},"s":{"0":1},"f":{},"b":{},"inputSourceMap":null,"_coverageSchema":"1a1c01bbd47fc00a2c39e90264f33305004495a9","hash":"7535e2aa9901db8cc813a10730c5ecfe77040dff"}
,"/Users/sachie/sach/upflow/datagrid-react-typescript/src/components/datagrid/tableLoader/TableLoader.tsx": {"path":"/Users/sachie/sach/upflow/datagrid-react-typescript/src/components/datagrid/tableLoader/TableLoader.tsx","statementMap":{"0":{"start":{"line":1,"column":0},"end":{"line":1,"column":26}},"1":{"start":{"line":3,"column":0},"end":{"line":3,"column":27}},"2":{"start":{"line":9,"column":40},"end":{"line":15,"column":1}},"3":{"start":{"line":9,"column":48},"end":{"line":9,"column":60}},"4":{"start":{"line":10,"column":2},"end":{"line":14,"column":4}},"5":{"start":{"line":17,"column":0},"end":{"line":17,"column":39}}},"fnMap":{"0":{"name":"(anonymous_3)","decl":{"start":{"line":9,"column":40},"end":{"line":9,"column":41}},"loc":{"start":{"line":9,"column":60},"end":{"line":15,"column":1}}}},"branchMap":{},"s":{"0":1,"1":1,"2":1,"3":1,"4":1,"5":1},"f":{"0":1},"b":{}}
,"/Users/sachie/sach/upflow/datagrid-react-typescript/src/components/datagrid/tablePagination/TablePagination.css": {"path":"/Users/sachie/sach/upflow/datagrid-react-typescript/src/components/datagrid/tablePagination/TablePagination.css","statementMap":{"0":{"start":{"line":1,"column":0},"end":{"line":1,"column":20}}},"fnMap":{},"branchMap":{},"s":{"0":2},"f":{},"b":{},"inputSourceMap":null,"_coverageSchema":"1a1c01bbd47fc00a2c39e90264f33305004495a9","hash":"36b4fbe645d605f6a99cff2101d502e8b7cf517c"}
,"/Users/sachie/sach/upflow/datagrid-react-typescript/src/components/datagrid/tablePagination/TablePagination.tsx": {"path":"/Users/sachie/sach/upflow/datagrid-react-typescript/src/components/datagrid/tablePagination/TablePagination.tsx","statementMap":{"0":{"start":{"line":1,"column":0},"end":{"line":1,"column":26}},"1":{"start":{"line":3,"column":0},"end":{"line":3,"column":60}},"2":{"start":{"line":4,"column":0},"end":{"line":4,"column":56}},"3":{"start":{"line":6,"column":0},"end":{"line":6,"column":31}},"4":{"start":{"line":12,"column":44},"end":{"line":32,"column":1}},"5":{"start":{"line":12,"column":57},"end":{"line":12,"column":69}},"6":{"start":{"line":13,"column":60},"end":{"line":13,"column":71}},"7":{"start":{"line":15,"column":24},"end":{"line":15,"column":52}},"8":{"start":{"line":16,"column":23},"end":{"line":16,"column":41}},"9":{"start":{"line":18,"column":2},"end":{"line":31,"column":4}},"10":{"start":{"line":34,"column":0},"end":{"line":34,"column":43}}},"fnMap":{"0":{"name":"(anonymous_3)","decl":{"start":{"line":12,"column":44},"end":{"line":12,"column":45}},"loc":{"start":{"line":12,"column":69},"end":{"line":32,"column":1}}}},"branchMap":{"0":{"loc":{"start":{"line":20,"column":7},"end":{"line":20,"column":19}},"type":"binary-expr","locations":[{"start":{"line":20,"column":7},"end":{"line":20,"column":19}},{"start":{"line":21,"column":8},"end":{"line":27,"column":null}}]}},"s":{"0":2,"1":2,"2":2,"3":2,"4":2,"5":2,"6":10,"7":2,"8":2,"9":2,"10":2},"f":{"0":2},"b":{"0":[2,1]}}
,"/Users/sachie/sach/upflow/datagrid-react-typescript/src/components/datagrid/tablePagination/TablePaginationAction.tsx": {"path":"/Users/sachie/sach/upflow/datagrid-react-typescript/src/components/datagrid/tablePagination/TablePaginationAction.tsx","statementMap":{"0":{"start":{"line":1,"column":0},"end":{"line":1,"column":26}},"1":{"start":{"line":8,"column":50},"end":{"line":18,"column":1}},"2":{"start":{"line":9,"column":8},"end":{"line":9,"column":null}},"3":{"start":{"line":10,"column":8},"end":{"line":10,"column":null}},"4":{"start":{"line":12,"column":2},"end":{"line":17,"column":4}},"5":{"start":{"line":20,"column":0},"end":{"line":20,"column":49}}},"fnMap":{"0":{"name":"(anonymous_3)","decl":{"start":{"line":8,"column":50},"end":{"line":8,"column":51}},"loc":{"start":{"line":11,"column":11},"end":{"line":18,"column":1}}}},"branchMap":{},"s":{"0":3,"1":3,"2":3,"3":3,"4":3,"5":3},"f":{"0":3},"b":{}}
,"/Users/sachie/sach/upflow/datagrid-react-typescript/src/components/datagrid/tablePagination/TablePaginationData.tsx": {"path":"/Users/sachie/sach/upflow/datagrid-react-typescript/src/components/datagrid/tablePagination/TablePaginationData.tsx","statementMap":{"0":{"start":{"line":1,"column":0},"end":{"line":1,"column":26}},"1":{"start":{"line":9,"column":48},"end":{"line":20,"column":1}},"2":{"start":{"line":10,"column":15},"end":{"line":10,"column":null}},"3":{"start":{"line":11,"column":14},"end":{"line":11,"column":null}},"4":{"start":{"line":12,"column":12},"end":{"line":12,"column":null}},"5":{"start":{"line":14,"column":2},"end":{"line":19,"column":4}},"6":{"start":{"line":22,"column":0},"end":{"line":22,"column":47}}},"fnMap":{"0":{"name":"(anonymous_3)","decl":{"start":{"line":9,"column":48},"end":{"line":9,"column":49}},"loc":{"start":{"line":13,"column":11},"end":{"line":20,"column":1}}}},"branchMap":{},"s":{"0":2,"1":2,"2":1,"3":1,"4":1,"5":1,"6":2},"f":{"0":1},"b":{}}
,"/Users/sachie/sach/upflow/datagrid-react-typescript/src/components/datagrid/tablePagination/index.tsx": {"path":"/Users/sachie/sach/upflow/datagrid-react-typescript/src/components/datagrid/tablePagination/index.tsx","statementMap":{"0":{"start":{"line":1,"column":0},"end":{"line":1,"column":48}},"1":{"start":{"line":3,"column":0},"end":{"line":3,"column":31}}},"fnMap":{},"branchMap":{},"s":{"0":1,"1":1},"f":{},"b":{}}
,"/Users/sachie/sach/upflow/datagrid-react-typescript/src/components/datagrid/tableRow/TableRow.css": {"path":"/Users/sachie/sach/upflow/datagrid-react-typescript/src/components/datagrid/tableRow/TableRow.css","statementMap":{"0":{"start":{"line":1,"column":0},"end":{"line":1,"column":20}}},"fnMap":{},"branchMap":{},"s":{"0":1},"f":{},"b":{},"inputSourceMap":null,"_coverageSchema":"1a1c01bbd47fc00a2c39e90264f33305004495a9","hash":"e0a0ce89976043e002ef7f9b09d0c680e146fd2b"}
,"/Users/sachie/sach/upflow/datagrid-react-typescript/src/components/datagrid/tableRow/TableRow.tsx": {"path":"/Users/sachie/sach/upflow/datagrid-react-typescript/src/components/datagrid/tableRow/TableRow.tsx","statementMap":{"0":{"start":{"line":1,"column":0},"end":{"line":1,"column":26}},"1":{"start":{"line":3,"column":0},"end":{"line":3,"column":23}},"2":{"start":{"line":11,"column":37},"end":{"line":17,"column":1}},"3":{"start":{"line":11,"column":46},"end":{"line":11,"column":48}},"4":{"start":{"line":11,"column":56},"end":{"line":11,"column":68}},"5":{"start":{"line":12,"column":2},"end":{"line":16,"column":4}},"6":{"start":{"line":19,"column":0},"end":{"line":19,"column":36}}},"fnMap":{"0":{"name":"(anonymous_3)","decl":{"start":{"line":11,"column":37},"end":{"line":11,"column":38}},"loc":{"start":{"line":11,"column":68},"end":{"line":17,"column":1}}}},"branchMap":{},"s":{"0":1,"1":1,"2":1,"3":1,"4":1,"5":1,"6":1},"f":{"0":1},"b":{}}
,"/Users/sachie/sach/upflow/datagrid-react-typescript/src/components/datagrid/tableRow/index.tsx": {"path":"/Users/sachie/sach/upflow/datagrid-react-typescript/src/components/datagrid/tableRow/index.tsx","statementMap":{"0":{"start":{"line":1,"column":0},"end":{"line":1,"column":34}},"1":{"start":{"line":3,"column":0},"end":{"line":3,"column":24}}},"fnMap":{},"branchMap":{},"s":{"0":1,"1":1},"f":{},"b":{}}
,"/Users/sachie/sach/upflow/datagrid-react-typescript/src/components/datagrid/tableRowAction/TableRowAction.css": {"path":"/Users/sachie/sach/upflow/datagrid-react-typescript/src/components/datagrid/tableRowAction/TableRowAction.css","statementMap":{"0":{"start":{"line":1,"column":0},"end":{"line":1,"column":20}}},"fnMap":{},"branchMap":{},"s":{"0":1},"f":{},"b":{},"inputSourceMap":null,"_coverageSchema":"1a1c01bbd47fc00a2c39e90264f33305004495a9","hash":"001f73da20d61e12f06c743027223699b5f9ac02"}
,"/Users/sachie/sach/upflow/datagrid-react-typescript/src/components/datagrid/tableRowAction/TableRowAction.tsx": {"path":"/Users/sachie/sach/upflow/datagrid-react-typescript/src/components/datagrid/tableRowAction/TableRowAction.tsx","statementMap":{"0":{"start":{"line":1,"column":0},"end":{"line":1,"column":26}},"1":{"start":{"line":4,"column":0},"end":{"line":4,"column":30}},"2":{"start":{"line":13,"column":43},"end":{"line":38,"column":1}},"3":{"start":{"line":14,"column":8},"end":{"line":14,"column":null}},"4":{"start":{"line":15,"column":17},"end":{"line":15,"column":null}},"5":{"start":{"line":16,"column":10},"end":{"line":16,"column":null}},"6":{"start":{"line":17,"column":9},"end":{"line":17,"column":null}},"7":{"start":{"line":19,"column":2},"end":{"line":37,"column":4}},"8":{"start":{"line":25,"column":60},"end":{"line":33,"column":12}},"9":{"start":{"line":29,"column":29},"end":{"line":29,"column":null}},"10":{"start":{"line":40,"column":0},"end":{"line":40,"column":42}}},"fnMap":{"0":{"name":"(anonymous_3)","decl":{"start":{"line":13,"column":43},"end":{"line":13,"column":44}},"loc":{"start":{"line":18,"column":11},"end":{"line":38,"column":1}}},"1":{"name":"(anonymous_4)","decl":{"start":{"line":25,"column":32},"end":{"line":25,"column":33}},"loc":{"start":{"line":25,"column":55},"end":{"line":25,"column":null}}},"2":{"name":"(anonymous_5)","decl":{"start":{"line":29,"column":23},"end":{"line":29,"column":29}},"loc":{"start":{"line":29,"column":23},"end":{"line":29,"column":35}}}},"branchMap":{"0":{"loc":{"start":{"line":22,"column":8},"end":{"line":22,"column":10}},"type":"cond-expr","locations":[{"start":{"line":22,"column":8},"end":{"line":22,"column":10}},{"start":{"line":24,"column":8},"end":{"line":33,"column":null}}]},"1":{"loc":{"start":{"line":25,"column":26},"end":{"line":25,"column":28}},"type":"cond-expr","locations":[{"start":{"line":25,"column":26},"end":{"line":25,"column":28}},{"start":{"line":25,"column":11},"end":{"line":33,"column":12}}]},"2":{"loc":{"start":{"line":25,"column":11},"end":{"line":25,"column":28}},"type":"binary-expr","locations":[{"start":{"line":25,"column":11},"end":{"line":25,"column":28}},{"start":{"line":25,"column":11},"end":{"line":25,"column":28}}]}},"s":{"0":1,"1":1,"2":1,"3":0,"4":0,"5":0,"6":0,"7":0,"8":0,"9":0,"10":1},"f":{"0":0,"1":0,"2":0},"b":{"0":[0,0],"1":[0,0],"2":[0,0]}}
,"/Users/sachie/sach/upflow/datagrid-react-typescript/src/components/datagrid/tableRowAction/index.tsx": {"path":"/Users/sachie/sach/upflow/datagrid-react-typescript/src/components/datagrid/tableRowAction/index.tsx","statementMap":{"0":{"start":{"line":1,"column":0},"end":{"line":1,"column":46}},"1":{"start":{"line":3,"column":0},"end":{"line":3,"column":30}}},"fnMap":{},"branchMap":{},"s":{"0":1,"1":1},"f":{},"b":{}}
}
