{"/Users/sachie/sach/upflow/datagrid-react-typescript/src/components/datagrid/DataGrid.context.tsx": {"path":"/Users/sachie/sach/upflow/datagrid-react-typescript/src/components/datagrid/DataGrid.context.tsx","statementMap":{"0":{"start":{"line":7,"column":0},"end":{"line":7,"column":26}},"1":{"start":{"line":14,"column":13},"end":{"line":14,"column":77}},"2":{"start":{"line":16,"column":32},"end":{"line":29,"column":1}},"3":{"start":{"line":16,"column":43},"end":{"line":16,"column":55}},"4":{"start":{"line":17,"column":50},"end":{"line":17,"column":71}},"5":{"start":{"line":17,"column":25},"end":{"line":17,"column":27}},"6":{"start":{"line":17,"column":46},"end":{"line":17,"column":50}},"7":{"start":{"line":18,"column":33},"end":{"line":20,"column":3}},"8":{"start":{"line":19,"column":4},"end":{"line":19,"column":34}},"9":{"start":{"line":22,"column":2},"end":{"line":28,"column":4}},"10":{"start":{"line":16,"column":13},"end":{"line":16,"column":32}}},"fnMap":{"0":{"name":"(anonymous_3)","decl":{"start":{"line":16,"column":32},"end":{"line":16,"column":33}},"loc":{"start":{"line":16,"column":55},"end":{"line":29,"column":1}}},"1":{"name":"(anonymous_4)","decl":{"start":{"line":18,"column":33},"end":{"line":18,"column":34}},"loc":{"start":{"line":18,"column":51},"end":{"line":20,"column":3}}}},"branchMap":{},"s":{"0":5,"1":5,"2":5,"3":4,"4":4,"5":4,"6":4,"7":4,"8":0,"9":4,"10":5},"f":{"0":4,"1":0},"b":{}}
,"/Users/sachie/sach/upflow/datagrid-react-typescript/src/components/datagrid/DataGrid.css": {"path":"/Users/sachie/sach/upflow/datagrid-react-typescript/src/components/datagrid/DataGrid.css","statementMap":{"0":{"start":{"line":1,"column":0},"end":{"line":1,"column":20}}},"fnMap":{},"branchMap":{},"s":{"0":1},"f":{},"b":{},"inputSourceMap":null,"_coverageSchema":"1a1c01bbd47fc00a2c39e90264f33305004495a9","hash":"bf1c96f17acc4ba4f424329100d926e47baade52"}
,"/Users/sachie/sach/upflow/datagrid-react-typescript/src/components/datagrid/DataGrid.hooks.tsx": {"path":"/Users/sachie/sach/upflow/datagrid-react-typescript/src/components/datagrid/DataGrid.hooks.tsx","statementMap":{"0":{"start":{"line":6,"column":0},"end":{"line":6,"column":53}},"1":{"start":{"line":10,"column":25},"end":{"line":43,"column":1}},"2":{"start":{"line":11,"column":36},"end":{"line":11,"column":54}},"3":{"start":{"line":11,"column":18},"end":{"line":11,"column":20}},"4":{"start":{"line":11,"column":32},"end":{"line":11,"column":36}},"5":{"start":{"line":12,"column":36},"end":{"line":12,"column":63}},"6":{"start":{"line":12,"column":18},"end":{"line":12,"column":20}},"7":{"start":{"line":12,"column":32},"end":{"line":12,"column":36}},"8":{"start":{"line":13,"column":44},"end":{"line":13,"column":59}},"9":{"start":{"line":13,"column":22},"end":{"line":13,"column":24}},"10":{"start":{"line":13,"column":40},"end":{"line":13,"column":44}},"11":{"start":{"line":15,"column":24},"end":{"line":25,"column":null}},"12":{"start":{"line":17,"column":20},"end":{"line":17,"column":46}},"13":{"start":{"line":18,"column":6},"end":{"line":20,"column":8}},"14":{"start":{"line":19,"column":8},"end":{"line":19,"column":null}},"15":{"start":{"line":22,"column":6},"end":{"line":22,"column":29}},"16":{"start":{"line":23,"column":6},"end":{"line":23,"column":40}},"17":{"start":{"line":23,"column":33},"end":{"line":23,"column":39}},"18":{"start":{"line":28,"column":26},"end":{"line":30,"column":8}},"19":{"start":{"line":29,"column":4},"end":{"line":29,"column":30}},"20":{"start":{"line":32,"column":26},"end":{"line":34,"column":8}},"21":{"start":{"line":33,"column":4},"end":{"line":33,"column":31}},"22":{"start":{"line":36,"column":2},"end":{"line":42,"column":4}},"23":{"start":{"line":45,"column":0},"end":{"line":45,"column":32}}},"fnMap":{"0":{"name":"(anonymous_1)","decl":{"start":{"line":10,"column":25},"end":{"line":10,"column":26}},"loc":{"start":{"line":10,"column":69},"end":{"line":43,"column":1}}},"1":{"name":"(anonymous_2)","decl":{"start":{"line":16,"column":4},"end":{"line":16,"column":5}},"loc":{"start":{"line":16,"column":16},"end":{"line":24,"column":5}}},"2":{"name":"(anonymous_3)","decl":{"start":{"line":18,"column":20},"end":{"line":18,"column":21}},"loc":{"start":{"line":18,"column":41},"end":{"line":19,"column":21}}},"3":{"name":"(anonymous_4)","decl":{"start":{"line":23,"column":23},"end":{"line":23,"column":24}},"loc":{"start":{"line":23,"column":28},"end":{"line":23,"column":34}}},"4":{"name":"(anonymous_5)","decl":{"start":{"line":28,"column":38},"end":{"line":28,"column":39}},"loc":{"start":{"line":28,"column":67},"end":{"line":30,"column":3}}},"5":{"name":"(anonymous_6)","decl":{"start":{"line":32,"column":38},"end":{"line":32,"column":39}},"loc":{"start":{"line":32,"column":59},"end":{"line":34,"column":3}}}},"branchMap":{"0":{"loc":{"start":{"line":19,"column":24},"end":{"line":19,"column":45}},"type":"cond-expr","locations":[{"start":{"line":19,"column":24},"end":{"line":19,"column":45}},{"start":{"line":19,"column":48},"end":{"line":19,"column":69}}]}},"s":{"0":1,"1":1,"2":5,"3":5,"4":5,"5":5,"6":5,"7":5,"8":5,"9":5,"10":5,"11":5,"12":1,"13":1,"14":1,"15":1,"16":1,"17":1,"18":5,"19":4,"20":5,"21":0,"22":5,"23":1},"f":{"0":5,"1":1,"2":1,"3":1,"4":4,"5":0},"b":{"0":[0,1]}}
,"/Users/sachie/sach/upflow/datagrid-react-typescript/src/components/datagrid/DataGrid.tsx": {"path":"/Users/sachie/sach/upflow/datagrid-react-typescript/src/components/datagrid/DataGrid.tsx","statementMap":{"0":{"start":{"line":1,"column":0},"end":{"line":1,"column":41}},"1":{"start":{"line":3,"column":0},"end":{"line":3,"column":28}},"2":{"start":{"line":4,"column":0},"end":{"line":4,"column":40}},"3":{"start":{"line":5,"column":0},"end":{"line":5,"column":36}},"4":{"start":{"line":6,"column":0},"end":{"line":6,"column":40}},"5":{"start":{"line":7,"column":0},"end":{"line":7,"column":40}},"6":{"start":{"line":8,"column":0},"end":{"line":8,"column":58}},"7":{"start":{"line":9,"column":0},"end":{"line":9,"column":54}},"8":{"start":{"line":10,"column":0},"end":{"line":10,"column":48}},"9":{"start":{"line":12,"column":0},"end":{"line":12,"column":24}},"10":{"start":{"line":14,"column":42},"end":{"line":78,"column":1}},"11":{"start":{"line":15,"column":12},"end":{"line":15,"column":null}},"12":{"start":{"line":16,"column":9},"end":{"line":16,"column":null}},"13":{"start":{"line":17,"column":14},"end":{"line":17,"column":null}},"14":{"start":{"line":18,"column":6},"end":{"line":18,"column":null}},"15":{"start":{"line":19,"column":9},"end":{"line":19,"column":null}},"16":{"start":{"line":20,"column":17},"end":{"line":20,"column":null}},"17":{"start":{"line":21,"column":17},"end":{"line":21,"column":null}},"18":{"start":{"line":22,"column":19},"end":{"line":22,"column":null}},"19":{"start":{"line":23,"column":15},"end":{"line":23,"column":null}},"20":{"start":{"line":24,"column":9},"end":{"line":24,"column":null}},"21":{"start":{"line":25,"column":10},"end":{"line":25,"column":null}},"22":{"start":{"line":26,"column":19},"end":{"line":26,"column":null}},"23":{"start":{"line":27,"column":19},"end":{"line":27,"column":null}},"24":{"start":{"line":35,"column":6},"end":{"line":35,"column":47}},"25":{"start":{"line":30,"column":13},"end":{"line":30,"column":null}},"26":{"start":{"line":31,"column":13},"end":{"line":31,"column":null}},"27":{"start":{"line":32,"column":17},"end":{"line":32,"column":null}},"28":{"start":{"line":33,"column":19},"end":{"line":33,"column":null}},"29":{"start":{"line":34,"column":19},"end":{"line":34,"column":null}},"30":{"start":{"line":37,"column":2},"end":{"line":39,"column":13}},"31":{"start":{"line":38,"column":4},"end":{"line":38,"column":26}},"32":{"start":{"line":41,"column":2},"end":{"line":43,"column":null}},"33":{"start":{"line":42,"column":4},"end":{"line":42,"column":72}},"34":{"start":{"line":45,"column":2},"end":{"line":77,"column":4}},"35":{"start":{"line":80,"column":0},"end":{"line":80,"column":36}}},"fnMap":{"0":{"name":"(anonymous_9)","decl":{"start":{"line":14,"column":42},"end":{"line":14,"column":43}},"loc":{"start":{"line":28,"column":16},"end":{"line":78,"column":1}}},"1":{"name":"(anonymous_10)","decl":{"start":{"line":37,"column":12},"end":{"line":37,"column":null}},"loc":{"start":{"line":37,"column":12},"end":{"line":39,"column":3}}}},"branchMap":{"0":{"loc":{"start":{"line":41,"column":2},"end":{"line":43,"column":null}},"type":"if","locations":[{"start":{"line":41,"column":2},"end":{"line":43,"column":null}},{"start":{"line":41,"column":2},"end":{"line":43,"column":null}}]},"1":{"loc":{"start":{"line":41,"column":6},"end":{"line":41,"column":14}},"type":"binary-expr","locations":[{"start":{"line":41,"column":6},"end":{"line":41,"column":14}},{"start":{"line":41,"column":19},"end":{"line":41,"column":24}},{"start":{"line":41,"column":28},"end":{"line":41,"column":45}}]},"2":{"loc":{"start":{"line":42,"column":40},"end":{"line":42,"column":53}},"type":"binary-expr","locations":[{"start":{"line":42,"column":40},"end":{"line":42,"column":53}},{"start":{"line":42,"column":57},"end":{"line":42,"column":67}}]},"3":{"loc":{"start":{"line":48,"column":48},"end":{"line":48,"column":71}},"type":"cond-expr","locations":[{"start":{"line":48,"column":48},"end":{"line":48,"column":71}},{"start":{"line":48,"column":74},"end":{"line":48,"column":76}}]},"4":{"loc":{"start":{"line":50,"column":9},"end":{"line":50,"column":16}},"type":"binary-expr","locations":[{"start":{"line":50,"column":9},"end":{"line":50,"column":16}},{"start":{"line":50,"column":20},"end":{"line":50,"column":54}}]}},"s":{"0":1,"1":1,"2":1,"3":1,"4":1,"5":1,"6":1,"7":1,"8":1,"9":1,"10":1,"11":5,"12":5,"13":5,"14":5,"15":5,"16":5,"17":5,"18":5,"19":5,"20":5,"21":5,"22":5,"23":5,"24":5,"25":5,"26":5,"27":5,"28":5,"29":5,"30":5,"31":4,"32":5,"33":1,"34":4,"35":1},"f":{"0":5,"1":4},"b":{"0":[1,4],"1":[5,5,5],"2":[1,1],"3":[0,4],"4":[4,0]}}
,"/Users/sachie/sach/upflow/datagrid-react-typescript/src/components/datagrid/common/constants.tsx": {"path":"/Users/sachie/sach/upflow/datagrid-react-typescript/src/components/datagrid/common/constants.tsx","statementMap":{"0":{"start":{"line":1,"column":13},"end":{"line":1,"column":29}},"1":{"start":{"line":2,"column":13},"end":{"line":2,"column":45}}},"fnMap":{},"branchMap":{},"s":{"0":2,"1":2},"f":{},"b":{}}
,"/Users/sachie/sach/upflow/datagrid-react-typescript/src/components/datagrid/table/Table.tsx": {"path":"/Users/sachie/sach/upflow/datagrid-react-typescript/src/components/datagrid/table/Table.tsx","statementMap":{"0":{"start":{"line":1,"column":0},"end":{"line":1,"column":26}},"1":{"start":{"line":7,"column":34},"end":{"line":9,"column":1}},"2":{"start":{"line":7,"column":45},"end":{"line":7,"column":57}},"3":{"start":{"line":8,"column":2},"end":{"line":8,"column":49}},"4":{"start":{"line":11,"column":0},"end":{"line":11,"column":33}}},"fnMap":{"0":{"name":"(anonymous_3)","decl":{"start":{"line":7,"column":34},"end":{"line":7,"column":35}},"loc":{"start":{"line":7,"column":57},"end":{"line":9,"column":1}}}},"branchMap":{},"s":{"0":2,"1":2,"2":5,"3":5,"4":2},"f":{"0":5},"b":{}}
,"/Users/sachie/sach/upflow/datagrid-react-typescript/src/components/datagrid/table/index.tsx": {"path":"/Users/sachie/sach/upflow/datagrid-react-typescript/src/components/datagrid/table/index.tsx","statementMap":{"0":{"start":{"line":1,"column":0},"end":{"line":1,"column":28}},"1":{"start":{"line":3,"column":0},"end":{"line":3,"column":21}}},"fnMap":{},"branchMap":{},"s":{"0":1,"1":1},"f":{},"b":{}}
,"/Users/sachie/sach/upflow/datagrid-react-typescript/src/components/datagrid/tableBody/TableBody.tsx": {"path":"/Users/sachie/sach/upflow/datagrid-react-typescript/src/components/datagrid/tableBody/TableBody.tsx","statementMap":{"0":{"start":{"line":1,"column":0},"end":{"line":1,"column":43}},"1":{"start":{"line":3,"column":0},"end":{"line":3,"column":35}},"2":{"start":{"line":4,"column":0},"end":{"line":4,"column":37}},"3":{"start":{"line":5,"column":0},"end":{"line":5,"column":47}},"4":{"start":{"line":17,"column":38},"end":{"line":70,"column":1}},"5":{"start":{"line":18,"column":6},"end":{"line":18,"column":null}},"6":{"start":{"line":19,"column":9},"end":{"line":19,"column":null}},"7":{"start":{"line":20,"column":9},"end":{"line":20,"column":null}},"8":{"start":{"line":21,"column":17},"end":{"line":21,"column":null}},"9":{"start":{"line":22,"column":10},"end":{"line":22,"column":null}},"10":{"start":{"line":23,"column":19},"end":{"line":23,"column":null}},"11":{"start":{"line":25,"column":28},"end":{"line":38,"column":null}},"12":{"start":{"line":32,"column":6},"end":{"line":36,"column":null}},"13":{"start":{"line":33,"column":32},"end":{"line":33,"column":44}},"14":{"start":{"line":34,"column":8},"end":{"line":34,"column":42}},"15":{"start":{"line":35,"column":8},"end":{"line":35,"column":43}},"16":{"start":{"line":41,"column":2},"end":{"line":69,"column":5}},"17":{"start":{"line":41,"column":53},"end":{"line":69,"column":4}},"18":{"start":{"line":49,"column":10},"end":{"line":59,"column":null}},"19":{"start":{"line":72,"column":0},"end":{"line":72,"column":37}}},"fnMap":{"0":{"name":"(anonymous_9)","decl":{"start":{"line":17,"column":38},"end":{"line":17,"column":39}},"loc":{"start":{"line":24,"column":11},"end":{"line":70,"column":1}}},"1":{"name":"(anonymous_10)","decl":{"start":{"line":26,"column":4},"end":{"line":26,"column":null}},"loc":{"start":{"line":30,"column":23},"end":{"line":37,"column":5}}},"2":{"name":"(anonymous_11)","decl":{"start":{"line":41,"column":19},"end":{"line":41,"column":20}},"loc":{"start":{"line":41,"column":48},"end":{"line":41,"column":null}}},"3":{"name":"(anonymous_12)","decl":{"start":{"line":47,"column":8},"end":{"line":47,"column":9}},"loc":{"start":{"line":47,"column":39},"end":{"line":49,"column":16}}}},"branchMap":{"0":{"loc":{"start":{"line":32,"column":6},"end":{"line":36,"column":null}},"type":"if","locations":[{"start":{"line":32,"column":6},"end":{"line":36,"column":null}},{"start":{"line":32,"column":6},"end":{"line":36,"column":null}}]},"1":{"loc":{"start":{"line":32,"column":10},"end":{"line":32,"column":30}},"type":"binary-expr","locations":[{"start":{"line":32,"column":10},"end":{"line":32,"column":30}},{"start":{"line":32,"column":34},"end":{"line":32,"column":54}},{"start":{"line":32,"column":58},"end":{"line":32,"column":75}}]},"2":{"loc":{"start":{"line":41,"column":13},"end":{"line":41,"column":15}},"type":"cond-expr","locations":[{"start":{"line":41,"column":13},"end":{"line":41,"column":15}},{"start":{"line":41,"column":9},"end":{"line":69,"column":4}}]},"3":{"loc":{"start":{"line":41,"column":9},"end":{"line":41,"column":15}},"type":"binary-expr","locations":[{"start":{"line":41,"column":9},"end":{"line":41,"column":15}},{"start":{"line":41,"column":9},"end":{"line":41,"column":15}}]},"4":{"loc":{"start":{"line":49,"column":10},"end":{"line":49,"column":16}},"type":"binary-expr","locations":[{"start":{"line":49,"column":10},"end":{"line":49,"column":16}},{"start":{"line":50,"column":12},"end":{"line":51,"column":null}}]},"5":{"loc":{"start":{"line":62,"column":8},"end":{"line":65,"column":null}},"type":"cond-expr","locations":[{"start":{"line":62,"column":8},"end":{"line":65,"column":null}},{"start":{"line":67,"column":10},"end":{"line":67,"column":14}}]}},"s":{"0":1,"1":1,"2":1,"3":1,"4":1,"5":4,"6":4,"7":4,"8":4,"9":4,"10":4,"11":4,"12":0,"13":0,"14":0,"15":0,"16":4,"17":6,"18":12,"19":1},"f":{"0":4,"1":0,"2":6,"3":12},"b":{"0":[0,0],"1":[0,0,0],"2":[0,4],"3":[4,4],"4":[12,12],"5":[0,6]}}
,"/Users/sachie/sach/upflow/datagrid-react-typescript/src/components/datagrid/tableBody/index.tsx": {"path":"/Users/sachie/sach/upflow/datagrid-react-typescript/src/components/datagrid/tableBody/index.tsx","statementMap":{"0":{"start":{"line":1,"column":0},"end":{"line":1,"column":36}},"1":{"start":{"line":3,"column":0},"end":{"line":3,"column":25}}},"fnMap":{},"branchMap":{},"s":{"0":1,"1":1},"f":{},"b":{}}
,"/Users/sachie/sach/upflow/datagrid-react-typescript/src/components/datagrid/tableCell/TableCell.css": {"path":"/Users/sachie/sach/upflow/datagrid-react-typescript/src/components/datagrid/tableCell/TableCell.css","statementMap":{"0":{"start":{"line":1,"column":0},"end":{"line":1,"column":20}}},"fnMap":{},"branchMap":{},"s":{"0":3},"f":{},"b":{},"inputSourceMap":null,"_coverageSchema":"1a1c01bbd47fc00a2c39e90264f33305004495a9","hash":"1d4a9b7327877452d74ee7aaef7b03a3fc2edc4a"}
,"/Users/sachie/sach/upflow/datagrid-react-typescript/src/components/datagrid/tableCell/TableCell.tsx": {"path":"/Users/sachie/sach/upflow/datagrid-react-typescript/src/components/datagrid/tableCell/TableCell.tsx","statementMap":{"0":{"start":{"line":1,"column":0},"end":{"line":1,"column":55}},"1":{"start":{"line":3,"column":0},"end":{"line":3,"column":62}},"2":{"start":{"line":4,"column":0},"end":{"line":4,"column":54}},"3":{"start":{"line":5,"column":0},"end":{"line":5,"column":25}},"4":{"start":{"line":24,"column":38},"end":{"line":84,"column":1}},"5":{"start":{"line":25,"column":11},"end":{"line":25,"column":null}},"6":{"start":{"line":26,"column":11},"end":{"line":26,"column":null}},"7":{"start":{"line":27,"column":11},"end":{"line":27,"column":null}},"8":{"start":{"line":28,"column":10},"end":{"line":28,"column":null}},"9":{"start":{"line":29,"column":8},"end":{"line":29,"column":null}},"10":{"start":{"line":30,"column":8},"end":{"line":30,"column":null}},"11":{"start":{"line":31,"column":11},"end":{"line":31,"column":null}},"12":{"start":{"line":32,"column":13},"end":{"line":32,"column":null}},"13":{"start":{"line":33,"column":19},"end":{"line":33,"column":null}},"14":{"start":{"line":35,"column":37},"end":{"line":35,"column":65}},"15":{"start":{"line":36,"column":32},"end":{"line":36,"column":53}},"16":{"start":{"line":36,"column":16},"end":{"line":36,"column":18}},"17":{"start":{"line":36,"column":28},"end":{"line":36,"column":32}},"18":{"start":{"line":38,"column":31},"end":{"line":40,"column":3}},"19":{"start":{"line":39,"column":4},"end":{"line":39,"column":65}},"20":{"start":{"line":39,"column":32},"end":{"line":39,"column":65}},"21":{"start":{"line":42,"column":25},"end":{"line":44,"column":3}},"22":{"start":{"line":43,"column":4},"end":{"line":43,"column":44}},"23":{"start":{"line":43,"column":21},"end":{"line":43,"column":44}},"24":{"start":{"line":46,"column":28},"end":{"line":51,"column":3}},"25":{"start":{"line":47,"column":4},"end":{"line":50,"column":null}},"26":{"start":{"line":48,"column":6},"end":{"line":48,"column":23}},"27":{"start":{"line":49,"column":6},"end":{"line":49,"column":33}},"28":{"start":{"line":53,"column":19},"end":{"line":56,"column":28}},"29":{"start":{"line":54,"column":4},"end":{"line":54,"column":22}},"30":{"start":{"line":55,"column":4},"end":{"line":55,"column":32}},"31":{"start":{"line":58,"column":22},"end":{"line":64,"column":null}},"32":{"start":{"line":60,"column":6},"end":{"line":61,"column":77}},"33":{"start":{"line":61,"column":8},"end":{"line":61,"column":77}},"34":{"start":{"line":62,"column":6},"end":{"line":62,"column":17}},"35":{"start":{"line":67,"column":2},"end":{"line":83,"column":4}},"36":{"start":{"line":86,"column":0},"end":{"line":86,"column":37}}},"fnMap":{"0":{"name":"(anonymous_9)","decl":{"start":{"line":24,"column":38},"end":{"line":24,"column":39}},"loc":{"start":{"line":34,"column":11},"end":{"line":84,"column":1}}},"1":{"name":"(anonymous_10)","decl":{"start":{"line":38,"column":31},"end":{"line":38,"column":32}},"loc":{"start":{"line":38,"column":49},"end":{"line":40,"column":3}}},"2":{"name":"(anonymous_11)","decl":{"start":{"line":42,"column":25},"end":{"line":42,"column":null}},"loc":{"start":{"line":42,"column":25},"end":{"line":44,"column":3}}},"3":{"name":"(anonymous_12)","decl":{"start":{"line":46,"column":28},"end":{"line":46,"column":null}},"loc":{"start":{"line":46,"column":28},"end":{"line":51,"column":3}}},"4":{"name":"(anonymous_13)","decl":{"start":{"line":53,"column":31},"end":{"line":53,"column":null}},"loc":{"start":{"line":53,"column":31},"end":{"line":56,"column":3}}},"5":{"name":"(anonymous_14)","decl":{"start":{"line":59,"column":4},"end":{"line":59,"column":5}},"loc":{"start":{"line":59,"column":26},"end":{"line":63,"column":5}}}},"branchMap":{"0":{"loc":{"start":{"line":39,"column":4},"end":{"line":39,"column":65}},"type":"if","locations":[{"start":{"line":39,"column":4},"end":{"line":39,"column":65}},{"start":{"line":39,"column":4},"end":{"line":39,"column":65}}]},"1":{"loc":{"start":{"line":43,"column":4},"end":{"line":43,"column":44}},"type":"if","locations":[{"start":{"line":43,"column":4},"end":{"line":43,"column":44}},{"start":{"line":43,"column":4},"end":{"line":43,"column":44}}]},"2":{"loc":{"start":{"line":47,"column":4},"end":{"line":50,"column":null}},"type":"if","locations":[{"start":{"line":47,"column":4},"end":{"line":50,"column":null}},{"start":{"line":47,"column":4},"end":{"line":50,"column":null}}]},"3":{"loc":{"start":{"line":60,"column":6},"end":{"line":61,"column":77}},"type":"if","locations":[{"start":{"line":60,"column":6},"end":{"line":61,"column":77}},{"start":{"line":60,"column":6},"end":{"line":61,"column":77}}]},"4":{"loc":{"start":{"line":61,"column":60},"end":{"line":61,"column":69}},"type":"binary-expr","locations":[{"start":{"line":61,"column":60},"end":{"line":61,"column":69}},{"start":{"line":61,"column":73},"end":{"line":61,"column":75}}]},"5":{"loc":{"start":{"line":69,"column":17},"end":{"line":69,"column":26}},"type":"binary-expr","locations":[{"start":{"line":69,"column":17},"end":{"line":69,"column":26}},{"start":{"line":69,"column":30},"end":{"line":69,"column":42}}]},"6":{"loc":{"start":{"line":74,"column":7},"end":{"line":74,"column":15}},"type":"binary-expr","locations":[{"start":{"line":74,"column":7},"end":{"line":74,"column":15}},{"start":{"line":74,"column":20},"end":{"line":74,"column":29}},{"start":{"line":74,"column":33},"end":{"line":74,"column":42}}]},"7":{"loc":{"start":{"line":76,"column":8},"end":{"line":79,"column":null}},"type":"cond-expr","locations":[{"start":{"line":76,"column":8},"end":{"line":79,"column":null}},{"start":{"line":81,"column":10},"end":{"line":81,"column":14}}]}},"s":{"0":3,"1":3,"2":3,"3":3,"4":3,"5":31,"6":31,"7":31,"8":31,"9":31,"10":31,"11":31,"12":31,"13":31,"14":31,"15":31,"16":31,"17":31,"18":31,"19":5,"20":0,"21":31,"22":2,"23":2,"24":31,"25":3,"26":2,"27":2,"28":31,"29":3,"30":3,"31":31,"32":1,"33":1,"34":1,"35":31,"36":3},"f":{"0":31,"1":5,"2":2,"3":3,"4":3,"5":1},"b":{"0":[0,5],"1":[2,0],"2":[2,1],"3":[1,0],"4":[1,1],"5":[31,21],"6":[31,29,18],"7":[2,29]}}
,"/Users/sachie/sach/upflow/datagrid-react-typescript/src/components/datagrid/tableCell/TableCellEditableInput.tsx": {"path":"/Users/sachie/sach/upflow/datagrid-react-typescript/src/components/datagrid/tableCell/TableCellEditableInput.tsx","statementMap":{"0":{"start":{"line":1,"column":0},"end":{"line":1,"column":41}},"1":{"start":{"line":9,"column":51},"end":{"line":37,"column":1}},"2":{"start":{"line":10,"column":18},"end":{"line":10,"column":null}},"3":{"start":{"line":11,"column":13},"end":{"line":11,"column":null}},"4":{"start":{"line":12,"column":10},"end":{"line":12,"column":null}},"5":{"start":{"line":14,"column":44},"end":{"line":14,"column":76}},"6":{"start":{"line":14,"column":22},"end":{"line":14,"column":24}},"7":{"start":{"line":14,"column":40},"end":{"line":14,"column":44}},"8":{"start":{"line":16,"column":19},"end":{"line":18,"column":3}},"9":{"start":{"line":17,"column":4},"end":{"line":17,"column":44}},"10":{"start":{"line":20,"column":29},"end":{"line":22,"column":3}},"11":{"start":{"line":21,"column":4},"end":{"line":21,"column":31}},"12":{"start":{"line":24,"column":2},"end":{"line":28,"column":9}},"13":{"start":{"line":27,"column":4},"end":{"line":27,"column":28}},"14":{"start":{"line":27,"column":17},"end":{"line":27,"column":28}},"15":{"start":{"line":30,"column":2},"end":{"line":36,"column":4}},"16":{"start":{"line":39,"column":0},"end":{"line":39,"column":50}}},"fnMap":{"0":{"name":"(anonymous_8)","decl":{"start":{"line":9,"column":51},"end":{"line":9,"column":52}},"loc":{"start":{"line":13,"column":11},"end":{"line":37,"column":1}}},"1":{"name":"(anonymous_9)","decl":{"start":{"line":16,"column":19},"end":{"line":16,"column":20}},"loc":{"start":{"line":16,"column":56},"end":{"line":18,"column":3}}},"2":{"name":"(anonymous_10)","decl":{"start":{"line":20,"column":29},"end":{"line":20,"column":null}},"loc":{"start":{"line":20,"column":29},"end":{"line":22,"column":3}}},"3":{"name":"(anonymous_11)","decl":{"start":{"line":24,"column":12},"end":{"line":24,"column":null}},"loc":{"start":{"line":24,"column":12},"end":{"line":28,"column":3}}},"4":{"name":"(anonymous_12)","decl":{"start":{"line":27,"column":11},"end":{"line":27,"column":17}},"loc":{"start":{"line":27,"column":11},"end":{"line":27,"column":25}}}},"branchMap":{},"s":{"0":3,"1":3,"2":2,"3":2,"4":2,"5":2,"6":2,"7":2,"8":2,"9":0,"10":2,"11":1,"12":2,"13":2,"14":2,"15":2,"16":3},"f":{"0":2,"1":0,"2":1,"3":2,"4":2},"b":{}}
,"/Users/sachie/sach/upflow/datagrid-react-typescript/src/components/datagrid/tableCell/index.tsx": {"path":"/Users/sachie/sach/upflow/datagrid-react-typescript/src/components/datagrid/tableCell/index.tsx","statementMap":{"0":{"start":{"line":1,"column":0},"end":{"line":1,"column":36}},"1":{"start":{"line":3,"column":0},"end":{"line":3,"column":25}}},"fnMap":{},"branchMap":{},"s":{"0":2,"1":2},"f":{},"b":{}}
,"/Users/sachie/sach/upflow/datagrid-react-typescript/src/components/datagrid/tableCenteredContent/TableCenteredContent.css": {"path":"/Users/sachie/sach/upflow/datagrid-react-typescript/src/components/datagrid/tableCenteredContent/TableCenteredContent.css","statementMap":{"0":{"start":{"line":1,"column":0},"end":{"line":1,"column":20}}},"fnMap":{},"branchMap":{},"s":{"0":2},"f":{},"b":{},"inputSourceMap":null,"_coverageSchema":"1a1c01bbd47fc00a2c39e90264f33305004495a9","hash":"98b1489a50e8ef0643545a02a4ce1a6861b35043"}
,"/Users/sachie/sach/upflow/datagrid-react-typescript/src/components/datagrid/tableCenteredContent/TableCenteredContent.tsx": {"path":"/Users/sachie/sach/upflow/datagrid-react-typescript/src/components/datagrid/tableCenteredContent/TableCenteredContent.tsx","statementMap":{"0":{"start":{"line":1,"column":0},"end":{"line":1,"column":26}},"1":{"start":{"line":3,"column":0},"end":{"line":3,"column":36}},"2":{"start":{"line":9,"column":49},"end":{"line":15,"column":1}},"3":{"start":{"line":9,"column":57},"end":{"line":9,"column":69}},"4":{"start":{"line":10,"column":2},"end":{"line":14,"column":4}},"5":{"start":{"line":17,"column":0},"end":{"line":17,"column":48}}},"fnMap":{"0":{"name":"(anonymous_3)","decl":{"start":{"line":9,"column":49},"end":{"line":9,"column":50}},"loc":{"start":{"line":9,"column":69},"end":{"line":15,"column":1}}}},"branchMap":{},"s":{"0":2,"1":2,"2":2,"3":2,"4":2,"5":2},"f":{"0":2},"b":{}}
,"/Users/sachie/sach/upflow/datagrid-react-typescript/src/components/datagrid/tableCenteredContent/index.tsx": {"path":"/Users/sachie/sach/upflow/datagrid-react-typescript/src/components/datagrid/tableCenteredContent/index.tsx","statementMap":{"0":{"start":{"line":1,"column":0},"end":{"line":1,"column":58}},"1":{"start":{"line":3,"column":0},"end":{"line":3,"column":36}}},"fnMap":{},"branchMap":{},"s":{"0":1,"1":1},"f":{},"b":{}}
,"/Users/sachie/sach/upflow/datagrid-react-typescript/src/components/datagrid/tableFooter/TableFooter.css": {"path":"/Users/sachie/sach/upflow/datagrid-react-typescript/src/components/datagrid/tableFooter/TableFooter.css","statementMap":{"0":{"start":{"line":1,"column":0},"end":{"line":1,"column":20}}},"fnMap":{},"branchMap":{},"s":{"0":2},"f":{},"b":{},"inputSourceMap":null,"_coverageSchema":"1a1c01bbd47fc00a2c39e90264f33305004495a9","hash":"08172cb2540faccae6df6d2ba805b266a651b23a"}
,"/Users/sachie/sach/upflow/datagrid-react-typescript/src/components/datagrid/tableFooter/TableFooter.tsx": {"path":"/Users/sachie/sach/upflow/datagrid-react-typescript/src/components/datagrid/tableFooter/TableFooter.tsx","statementMap":{"0":{"start":{"line":1,"column":0},"end":{"line":1,"column":55}},"1":{"start":{"line":3,"column":0},"end":{"line":3,"column":49}},"2":{"start":{"line":4,"column":0},"end":{"line":4,"column":46}},"3":{"start":{"line":5,"column":0},"end":{"line":5,"column":54}},"4":{"start":{"line":7,"column":0},"end":{"line":7,"column":62}},"5":{"start":{"line":8,"column":0},"end":{"line":8,"column":27}},"6":{"start":{"line":18,"column":40},"end":{"line":50,"column":1}},"7":{"start":{"line":19,"column":12},"end":{"line":19,"column":null}},"8":{"start":{"line":20,"column":12},"end":{"line":20,"column":null}},"9":{"start":{"line":21,"column":18},"end":{"line":21,"column":null}},"10":{"start":{"line":22,"column":17},"end":{"line":22,"column":null}},"11":{"start":{"line":23,"column":19},"end":{"line":23,"column":null}},"12":{"start":{"line":25,"column":31},"end":{"line":25,"column":59}},"13":{"start":{"line":26,"column":34},"end":{"line":31,"column":null}},"14":{"start":{"line":28,"column":6},"end":{"line":28,"column":52}},"15":{"start":{"line":29,"column":6},"end":{"line":29,"column":54}},"16":{"start":{"line":34,"column":2},"end":{"line":49,"column":4}},"17":{"start":{"line":52,"column":0},"end":{"line":52,"column":39}}},"fnMap":{"0":{"name":"(anonymous_9)","decl":{"start":{"line":18,"column":40},"end":{"line":18,"column":41}},"loc":{"start":{"line":24,"column":11},"end":{"line":50,"column":1}}},"1":{"name":"(anonymous_10)","decl":{"start":{"line":27,"column":4},"end":{"line":27,"column":5}},"loc":{"start":{"line":27,"column":48},"end":{"line":30,"column":5}}}},"branchMap":{"0":{"loc":{"start":{"line":37,"column":27},"end":{"line":37,"column":50}},"type":"cond-expr","locations":[{"start":{"line":37,"column":27},"end":{"line":37,"column":50}},{"start":{"line":37,"column":53},"end":{"line":37,"column":55}}]},"1":{"loc":{"start":{"line":41,"column":26},"end":{"line":41,"column":42}},"type":"binary-expr","locations":[{"start":{"line":41,"column":26},"end":{"line":41,"column":42}},{"start":{"line":41,"column":46},"end":{"line":41,"column":56}}]},"2":{"loc":{"start":{"line":42,"column":20},"end":{"line":42,"column":30}},"type":"binary-expr","locations":[{"start":{"line":42,"column":20},"end":{"line":42,"column":30}},{"start":{"line":42,"column":34},"end":{"line":42,"column":45}}]},"3":{"loc":{"start":{"line":46,"column":8},"end":{"line":46,"column":51}},"type":"cond-expr","locations":[{"start":{"line":46,"column":8},"end":{"line":46,"column":51}},{"start":{"line":47,"column":10},"end":{"line":47,"column":14}}]},"4":{"loc":{"start":{"line":45,"column":7},"end":{"line":45,"column":17}},"type":"binary-expr","locations":[{"start":{"line":45,"column":7},"end":{"line":45,"column":17}},{"start":{"line":45,"column":21},"end":{"line":45,"column":37}}]},"5":{"loc":{"start":{"line":45,"column":31},"end":{"line":45,"column":33}},"type":"cond-expr","locations":[{"start":{"line":45,"column":31},"end":{"line":45,"column":33}},{"start":{"line":45,"column":21},"end":{"line":45,"column":37}}]},"6":{"loc":{"start":{"line":45,"column":21},"end":{"line":45,"column":33}},"type":"binary-expr","locations":[{"start":{"line":45,"column":21},"end":{"line":45,"column":33}},{"start":{"line":45,"column":21},"end":{"line":45,"column":33}}]}},"s":{"0":2,"1":2,"2":2,"3":2,"4":2,"5":2,"6":2,"7":5,"8":5,"9":5,"10":5,"11":5,"12":5,"13":5,"14":0,"15":0,"16":5,"17":2},"f":{"0":5,"1":0},"b":{"0":[0,5],"1":[5,4],"2":[5,4],"3":[0,5],"4":[5,0],"5":[0,0],"6":[0,0]}}
,"/Users/sachie/sach/upflow/datagrid-react-typescript/src/components/datagrid/tableFooter/TablePageLimit.tsx": {"path":"/Users/sachie/sach/upflow/datagrid-react-typescript/src/components/datagrid/tableFooter/TablePageLimit.tsx","statementMap":{"0":{"start":{"line":1,"column":0},"end":{"line":1,"column":26}},"1":{"start":{"line":11,"column":43},"end":{"line":30,"column":1}},"2":{"start":{"line":12,"column":18},"end":{"line":12,"column":null}},"3":{"start":{"line":13,"column":12},"end":{"line":13,"column":null}},"4":{"start":{"line":14,"column":25},"end":{"line":14,"column":null}},"5":{"start":{"line":16,"column":2},"end":{"line":29,"column":4}},"6":{"start":{"line":24,"column":51},"end":{"line":26,"column":10}},"7":{"start":{"line":32,"column":0},"end":{"line":32,"column":42}}},"fnMap":{"0":{"name":"(anonymous_3)","decl":{"start":{"line":11,"column":43},"end":{"line":11,"column":44}},"loc":{"start":{"line":15,"column":11},"end":{"line":30,"column":1}}},"1":{"name":"(anonymous_4)","decl":{"start":{"line":24,"column":25},"end":{"line":24,"column":26}},"loc":{"start":{"line":24,"column":46},"end":{"line":24,"column":null}}}},"branchMap":{"0":{"loc":{"start":{"line":24,"column":19},"end":{"line":24,"column":21}},"type":"cond-expr","locations":[{"start":{"line":24,"column":19},"end":{"line":24,"column":21}},{"start":{"line":24,"column":9},"end":{"line":26,"column":10}}]},"1":{"loc":{"start":{"line":24,"column":9},"end":{"line":24,"column":21}},"type":"binary-expr","locations":[{"start":{"line":24,"column":9},"end":{"line":24,"column":21}},{"start":{"line":24,"column":9},"end":{"line":24,"column":21}}]}},"s":{"0":2,"1":2,"2":4,"3":4,"4":4,"5":4,"6":14,"7":2},"f":{"0":4,"1":14},"b":{"0":[0,4],"1":[4,4]}}
,"/Users/sachie/sach/upflow/datagrid-react-typescript/src/components/datagrid/tableFooter/index.tsx": {"path":"/Users/sachie/sach/upflow/datagrid-react-typescript/src/components/datagrid/tableFooter/index.tsx","statementMap":{"0":{"start":{"line":1,"column":0},"end":{"line":1,"column":40}},"1":{"start":{"line":3,"column":0},"end":{"line":3,"column":27}}},"fnMap":{},"branchMap":{},"s":{"0":1,"1":1},"f":{},"b":{}}
,"/Users/sachie/sach/upflow/datagrid-react-typescript/src/components/datagrid/tableHeader/TableHeader.css": {"path":"/Users/sachie/sach/upflow/datagrid-react-typescript/src/components/datagrid/tableHeader/TableHeader.css","statementMap":{"0":{"start":{"line":1,"column":0},"end":{"line":1,"column":20}}},"fnMap":{},"branchMap":{},"s":{"0":2},"f":{},"b":{},"inputSourceMap":null,"_coverageSchema":"1a1c01bbd47fc00a2c39e90264f33305004495a9","hash":"736a474f77bcc8ce987f7238c4f47604757b205f"}
,"/Users/sachie/sach/upflow/datagrid-react-typescript/src/components/datagrid/tableHeader/TableHeader.tsx": {"path":"/Users/sachie/sach/upflow/datagrid-react-typescript/src/components/datagrid/tableHeader/TableHeader.tsx","statementMap":{"0":{"start":{"line":1,"column":0},"end":{"line":1,"column":42}},"1":{"start":{"line":3,"column":0},"end":{"line":3,"column":35}},"2":{"start":{"line":4,"column":0},"end":{"line":4,"column":37}},"3":{"start":{"line":5,"column":0},"end":{"line":5,"column":47}},"4":{"start":{"line":6,"column":0},"end":{"line":6,"column":54}},"5":{"start":{"line":8,"column":0},"end":{"line":8,"column":27}},"6":{"start":{"line":18,"column":40},"end":{"line":46,"column":1}},"7":{"start":{"line":19,"column":9},"end":{"line":19,"column":null}},"8":{"start":{"line":20,"column":9},"end":{"line":20,"column":null}},"9":{"start":{"line":21,"column":14},"end":{"line":21,"column":null}},"10":{"start":{"line":22,"column":17},"end":{"line":22,"column":null}},"11":{"start":{"line":23,"column":19},"end":{"line":23,"column":null}},"12":{"start":{"line":25,"column":31},"end":{"line":25,"column":59}},"13":{"start":{"line":26,"column":2},"end":{"line":45,"column":4}},"14":{"start":{"line":31,"column":10},"end":{"line":41,"column":null}},"15":{"start":{"line":48,"column":0},"end":{"line":48,"column":39}}},"fnMap":{"0":{"name":"(anonymous_9)","decl":{"start":{"line":18,"column":40},"end":{"line":18,"column":41}},"loc":{"start":{"line":24,"column":11},"end":{"line":46,"column":1}}},"1":{"name":"(anonymous_10)","decl":{"start":{"line":29,"column":8},"end":{"line":29,"column":9}},"loc":{"start":{"line":29,"column":38},"end":{"line":31,"column":16}}}},"branchMap":{"0":{"loc":{"start":{"line":31,"column":10},"end":{"line":31,"column":16}},"type":"binary-expr","locations":[{"start":{"line":31,"column":10},"end":{"line":31,"column":16}},{"start":{"line":32,"column":12},"end":{"line":33,"column":null}}]},"1":{"loc":{"start":{"line":37,"column":35},"end":{"line":37,"column":58}},"type":"cond-expr","locations":[{"start":{"line":37,"column":35},"end":{"line":37,"column":58}},{"start":{"line":37,"column":61},"end":{"line":37,"column":63}}]},"2":{"loc":{"start":{"line":43,"column":25},"end":{"line":43,"column":50}},"type":"cond-expr","locations":[{"start":{"line":43,"column":25},"end":{"line":43,"column":50}},{"start":{"line":43,"column":53},"end":{"line":43,"column":57}}]}},"s":{"0":2,"1":2,"2":2,"3":2,"4":2,"5":2,"6":2,"7":5,"8":5,"9":5,"10":5,"11":5,"12":5,"13":5,"14":10,"15":2},"f":{"0":5,"1":10},"b":{"0":[10,10],"1":[0,10],"2":[0,5]}}
,"/Users/sachie/sach/upflow/datagrid-react-typescript/src/components/datagrid/tableHeader/index.tsx": {"path":"/Users/sachie/sach/upflow/datagrid-react-typescript/src/components/datagrid/tableHeader/index.tsx","statementMap":{"0":{"start":{"line":1,"column":0},"end":{"line":1,"column":40}},"1":{"start":{"line":3,"column":0},"end":{"line":3,"column":27}}},"fnMap":{},"branchMap":{},"s":{"0":1,"1":1},"f":{},"b":{}}
,"/Users/sachie/sach/upflow/datagrid-react-typescript/src/components/datagrid/tableLoader/TableLoader.css": {"path":"/Users/sachie/sach/upflow/datagrid-react-typescript/src/components/datagrid/tableLoader/TableLoader.css","statementMap":{"0":{"start":{"line":1,"column":0},"end":{"line":1,"column":20}}},"fnMap":{},"branchMap":{},"s":{"0":2},"f":{},"b":{},"inputSourceMap":null,"_coverageSchema":"1a1c01bbd47fc00a2c39e90264f33305004495a9","hash":"7535e2aa9901db8cc813a10730c5ecfe77040dff"}
,"/Users/sachie/sach/upflow/datagrid-react-typescript/src/components/datagrid/tableLoader/TableLoader.tsx": {"path":"/Users/sachie/sach/upflow/datagrid-react-typescript/src/components/datagrid/tableLoader/TableLoader.tsx","statementMap":{"0":{"start":{"line":1,"column":0},"end":{"line":1,"column":26}},"1":{"start":{"line":3,"column":0},"end":{"line":3,"column":27}},"2":{"start":{"line":9,"column":40},"end":{"line":15,"column":1}},"3":{"start":{"line":9,"column":48},"end":{"line":9,"column":60}},"4":{"start":{"line":10,"column":2},"end":{"line":14,"column":4}},"5":{"start":{"line":17,"column":0},"end":{"line":17,"column":39}}},"fnMap":{"0":{"name":"(anonymous_3)","decl":{"start":{"line":9,"column":40},"end":{"line":9,"column":41}},"loc":{"start":{"line":9,"column":60},"end":{"line":15,"column":1}}}},"branchMap":{},"s":{"0":2,"1":2,"2":2,"3":1,"4":1,"5":2},"f":{"0":1},"b":{}}
,"/Users/sachie/sach/upflow/datagrid-react-typescript/src/components/datagrid/tableLoader/index.tsx": {"path":"/Users/sachie/sach/upflow/datagrid-react-typescript/src/components/datagrid/tableLoader/index.tsx","statementMap":{"0":{"start":{"line":1,"column":0},"end":{"line":1,"column":40}},"1":{"start":{"line":3,"column":0},"end":{"line":3,"column":27}}},"fnMap":{},"branchMap":{},"s":{"0":1,"1":1},"f":{},"b":{}}
,"/Users/sachie/sach/upflow/datagrid-react-typescript/src/components/datagrid/tablePagination/TablePagination.css": {"path":"/Users/sachie/sach/upflow/datagrid-react-typescript/src/components/datagrid/tablePagination/TablePagination.css","statementMap":{"0":{"start":{"line":1,"column":0},"end":{"line":1,"column":20}}},"fnMap":{},"branchMap":{},"s":{"0":3},"f":{},"b":{},"inputSourceMap":null,"_coverageSchema":"1a1c01bbd47fc00a2c39e90264f33305004495a9","hash":"36b4fbe645d605f6a99cff2101d502e8b7cf517c"}
,"/Users/sachie/sach/upflow/datagrid-react-typescript/src/components/datagrid/tablePagination/TablePagination.tsx": {"path":"/Users/sachie/sach/upflow/datagrid-react-typescript/src/components/datagrid/tablePagination/TablePagination.tsx","statementMap":{"0":{"start":{"line":1,"column":0},"end":{"line":1,"column":26}},"1":{"start":{"line":3,"column":0},"end":{"line":3,"column":60}},"2":{"start":{"line":4,"column":0},"end":{"line":4,"column":56}},"3":{"start":{"line":6,"column":0},"end":{"line":6,"column":31}},"4":{"start":{"line":12,"column":44},"end":{"line":33,"column":1}},"5":{"start":{"line":12,"column":57},"end":{"line":12,"column":69}},"6":{"start":{"line":13,"column":60},"end":{"line":13,"column":71}},"7":{"start":{"line":16,"column":24},"end":{"line":16,"column":52}},"8":{"start":{"line":17,"column":23},"end":{"line":17,"column":41}},"9":{"start":{"line":19,"column":2},"end":{"line":32,"column":4}},"10":{"start":{"line":35,"column":0},"end":{"line":35,"column":43}}},"fnMap":{"0":{"name":"(anonymous_3)","decl":{"start":{"line":12,"column":44},"end":{"line":12,"column":45}},"loc":{"start":{"line":12,"column":69},"end":{"line":33,"column":1}}}},"branchMap":{"0":{"loc":{"start":{"line":21,"column":7},"end":{"line":21,"column":19}},"type":"binary-expr","locations":[{"start":{"line":21,"column":7},"end":{"line":21,"column":19}},{"start":{"line":22,"column":8},"end":{"line":28,"column":null}}]},"1":{"loc":{"start":{"line":26,"column":54},"end":{"line":26,"column":64}},"type":"cond-expr","locations":[{"start":{"line":26,"column":54},"end":{"line":26,"column":64}},{"start":{"line":26,"column":67},"end":{"line":26,"column":79}}]}},"s":{"0":3,"1":3,"2":3,"3":3,"4":3,"5":2,"6":10,"7":2,"8":2,"9":2,"10":3},"f":{"0":2},"b":{"0":[2,1],"1":[0,1]}}
,"/Users/sachie/sach/upflow/datagrid-react-typescript/src/components/datagrid/tablePagination/TablePaginationAction.tsx": {"path":"/Users/sachie/sach/upflow/datagrid-react-typescript/src/components/datagrid/tablePagination/TablePaginationAction.tsx","statementMap":{"0":{"start":{"line":1,"column":0},"end":{"line":1,"column":26}},"1":{"start":{"line":8,"column":50},"end":{"line":18,"column":1}},"2":{"start":{"line":9,"column":8},"end":{"line":9,"column":null}},"3":{"start":{"line":10,"column":8},"end":{"line":10,"column":null}},"4":{"start":{"line":12,"column":2},"end":{"line":17,"column":4}},"5":{"start":{"line":20,"column":0},"end":{"line":20,"column":49}}},"fnMap":{"0":{"name":"(anonymous_3)","decl":{"start":{"line":8,"column":50},"end":{"line":8,"column":51}},"loc":{"start":{"line":11,"column":11},"end":{"line":18,"column":1}}}},"branchMap":{},"s":{"0":4,"1":4,"2":3,"3":3,"4":3,"5":4},"f":{"0":3},"b":{}}
,"/Users/sachie/sach/upflow/datagrid-react-typescript/src/components/datagrid/tablePagination/TablePaginationData.tsx": {"path":"/Users/sachie/sach/upflow/datagrid-react-typescript/src/components/datagrid/tablePagination/TablePaginationData.tsx","statementMap":{"0":{"start":{"line":1,"column":0},"end":{"line":1,"column":26}},"1":{"start":{"line":9,"column":48},"end":{"line":20,"column":1}},"2":{"start":{"line":10,"column":15},"end":{"line":10,"column":null}},"3":{"start":{"line":11,"column":14},"end":{"line":11,"column":null}},"4":{"start":{"line":12,"column":12},"end":{"line":12,"column":null}},"5":{"start":{"line":14,"column":2},"end":{"line":19,"column":4}},"6":{"start":{"line":22,"column":0},"end":{"line":22,"column":47}}},"fnMap":{"0":{"name":"(anonymous_3)","decl":{"start":{"line":9,"column":48},"end":{"line":9,"column":49}},"loc":{"start":{"line":13,"column":11},"end":{"line":20,"column":1}}}},"branchMap":{},"s":{"0":3,"1":3,"2":1,"3":1,"4":1,"5":1,"6":3},"f":{"0":1},"b":{}}
,"/Users/sachie/sach/upflow/datagrid-react-typescript/src/components/datagrid/tablePagination/index.tsx": {"path":"/Users/sachie/sach/upflow/datagrid-react-typescript/src/components/datagrid/tablePagination/index.tsx","statementMap":{"0":{"start":{"line":1,"column":0},"end":{"line":1,"column":48}},"1":{"start":{"line":3,"column":0},"end":{"line":3,"column":31}}},"fnMap":{},"branchMap":{},"s":{"0":2,"1":2},"f":{},"b":{}}
,"/Users/sachie/sach/upflow/datagrid-react-typescript/src/components/datagrid/tableRow/TableRow.css": {"path":"/Users/sachie/sach/upflow/datagrid-react-typescript/src/components/datagrid/tableRow/TableRow.css","statementMap":{"0":{"start":{"line":1,"column":0},"end":{"line":1,"column":20}}},"fnMap":{},"branchMap":{},"s":{"0":3},"f":{},"b":{},"inputSourceMap":null,"_coverageSchema":"1a1c01bbd47fc00a2c39e90264f33305004495a9","hash":"e0a0ce89976043e002ef7f9b09d0c680e146fd2b"}
,"/Users/sachie/sach/upflow/datagrid-react-typescript/src/components/datagrid/tableRow/TableRow.tsx": {"path":"/Users/sachie/sach/upflow/datagrid-react-typescript/src/components/datagrid/tableRow/TableRow.tsx","statementMap":{"0":{"start":{"line":1,"column":0},"end":{"line":1,"column":26}},"1":{"start":{"line":3,"column":0},"end":{"line":3,"column":24}},"2":{"start":{"line":10,"column":37},"end":{"line":16,"column":1}},"3":{"start":{"line":10,"column":46},"end":{"line":10,"column":48}},"4":{"start":{"line":10,"column":56},"end":{"line":10,"column":68}},"5":{"start":{"line":11,"column":2},"end":{"line":15,"column":4}},"6":{"start":{"line":18,"column":0},"end":{"line":18,"column":36}}},"fnMap":{"0":{"name":"(anonymous_3)","decl":{"start":{"line":10,"column":37},"end":{"line":10,"column":38}},"loc":{"start":{"line":10,"column":68},"end":{"line":16,"column":1}}}},"branchMap":{},"s":{"0":3,"1":3,"2":3,"3":12,"4":12,"5":12,"6":3},"f":{"0":12},"b":{}}
,"/Users/sachie/sach/upflow/datagrid-react-typescript/src/components/datagrid/tableRow/index.tsx": {"path":"/Users/sachie/sach/upflow/datagrid-react-typescript/src/components/datagrid/tableRow/index.tsx","statementMap":{"0":{"start":{"line":1,"column":0},"end":{"line":1,"column":34}},"1":{"start":{"line":3,"column":0},"end":{"line":3,"column":24}}},"fnMap":{},"branchMap":{},"s":{"0":2,"1":2},"f":{},"b":{}}
,"/Users/sachie/sach/upflow/datagrid-react-typescript/src/components/datagrid/tableRowAction/TableRowAction.css": {"path":"/Users/sachie/sach/upflow/datagrid-react-typescript/src/components/datagrid/tableRowAction/TableRowAction.css","statementMap":{"0":{"start":{"line":1,"column":0},"end":{"line":1,"column":20}}},"fnMap":{},"branchMap":{},"s":{"0":3},"f":{},"b":{},"inputSourceMap":null,"_coverageSchema":"1a1c01bbd47fc00a2c39e90264f33305004495a9","hash":"001f73da20d61e12f06c743027223699b5f9ac02"}
,"/Users/sachie/sach/upflow/datagrid-react-typescript/src/components/datagrid/tableRowAction/TableRowAction.tsx": {"path":"/Users/sachie/sach/upflow/datagrid-react-typescript/src/components/datagrid/tableRowAction/TableRowAction.tsx","statementMap":{"0":{"start":{"line":1,"column":0},"end":{"line":1,"column":42}},"1":{"start":{"line":3,"column":0},"end":{"line":3,"column":54}},"2":{"start":{"line":5,"column":0},"end":{"line":5,"column":30}},"3":{"start":{"line":14,"column":43},"end":{"line":44,"column":1}},"4":{"start":{"line":15,"column":8},"end":{"line":15,"column":null}},"5":{"start":{"line":16,"column":17},"end":{"line":16,"column":null}},"6":{"start":{"line":17,"column":10},"end":{"line":17,"column":null}},"7":{"start":{"line":18,"column":9},"end":{"line":18,"column":null}},"8":{"start":{"line":20,"column":31},"end":{"line":20,"column":59}},"9":{"start":{"line":21,"column":2},"end":{"line":43,"column":4}},"10":{"start":{"line":31,"column":60},"end":{"line":39,"column":12}},"11":{"start":{"line":35,"column":29},"end":{"line":35,"column":null}},"12":{"start":{"line":46,"column":0},"end":{"line":46,"column":42}}},"fnMap":{"0":{"name":"(anonymous_8)","decl":{"start":{"line":14,"column":43},"end":{"line":14,"column":44}},"loc":{"start":{"line":19,"column":11},"end":{"line":44,"column":1}}},"1":{"name":"(anonymous_9)","decl":{"start":{"line":31,"column":32},"end":{"line":31,"column":33}},"loc":{"start":{"line":31,"column":55},"end":{"line":31,"column":null}}},"2":{"name":"(anonymous_10)","decl":{"start":{"line":35,"column":23},"end":{"line":35,"column":29}},"loc":{"start":{"line":35,"column":23},"end":{"line":35,"column":35}}}},"branchMap":{"0":{"loc":{"start":{"line":24,"column":27},"end":{"line":24,"column":50}},"type":"cond-expr","locations":[{"start":{"line":24,"column":27},"end":{"line":24,"column":50}},{"start":{"line":24,"column":53},"end":{"line":24,"column":55}}]},"1":{"loc":{"start":{"line":28,"column":8},"end":{"line":28,"column":10}},"type":"cond-expr","locations":[{"start":{"line":28,"column":8},"end":{"line":28,"column":10}},{"start":{"line":30,"column":8},"end":{"line":39,"column":null}}]},"2":{"loc":{"start":{"line":31,"column":26},"end":{"line":31,"column":28}},"type":"cond-expr","locations":[{"start":{"line":31,"column":26},"end":{"line":31,"column":28}},{"start":{"line":31,"column":11},"end":{"line":39,"column":12}}]},"3":{"loc":{"start":{"line":31,"column":11},"end":{"line":31,"column":28}},"type":"binary-expr","locations":[{"start":{"line":31,"column":11},"end":{"line":31,"column":28}},{"start":{"line":31,"column":11},"end":{"line":31,"column":28}}]}},"s":{"0":3,"1":3,"2":3,"3":3,"4":3,"5":3,"6":3,"7":3,"8":3,"9":3,"10":3,"11":2,"12":3},"f":{"0":3,"1":3,"2":2},"b":{"0":[0,3],"1":[1,2],"2":[0,2],"3":[2,2]}}
,"/Users/sachie/sach/upflow/datagrid-react-typescript/src/components/datagrid/tableRowAction/index.tsx": {"path":"/Users/sachie/sach/upflow/datagrid-react-typescript/src/components/datagrid/tableRowAction/index.tsx","statementMap":{"0":{"start":{"line":1,"column":0},"end":{"line":1,"column":46}},"1":{"start":{"line":3,"column":0},"end":{"line":3,"column":30}}},"fnMap":{},"branchMap":{},"s":{"0":2,"1":2},"f":{},"b":{}}
}
