TN:
SF:src/components/datagrid/DataGrid.context.tsx
FN:16,(anonymous_3)
FN:18,(anonymous_4)
FNF:2
FNH:1
FNDA:4,(anonymous_3)
FNDA:0,(anonymous_4)
DA:7,5
DA:14,5
DA:16,5
DA:17,4
DA:18,4
DA:19,0
DA:22,4
LF:7
LH:6
BRF:0
BRH:0
end_of_record
TN:
SF:src/components/datagrid/DataGrid.css
FNF:0
FNH:0
DA:1,1
LF:1
LH:1
BRF:0
BRH:0
end_of_record
TN:
SF:src/components/datagrid/DataGrid.hooks.tsx
FN:10,(anonymous_1)
FN:15,(anonymous_2)
FN:17,(anonymous_3)
FN:22,(anonymous_4)
FN:25,(anonymous_5)
FN:29,(anonymous_6)
FNF:6
FNH:5
FNDA:5,(anonymous_1)
FNDA:1,(anonymous_2)
FNDA:1,(anonymous_3)
FNDA:1,(anonymous_4)
FNDA:4,(anonymous_5)
FNDA:0,(anonymous_6)
DA:6,1
DA:10,1
DA:11,5
DA:12,5
DA:13,5
DA:15,5
DA:16,1
DA:17,1
DA:18,1
DA:21,1
DA:22,1
DA:25,5
DA:26,4
DA:29,5
DA:30,0
DA:33,5
DA:42,1
LF:17
LH:16
BRDA:18,0,0,0
BRDA:18,0,1,1
BRF:2
BRH:1
end_of_record
TN:
SF:src/components/datagrid/DataGrid.tsx
FN:14,(anonymous_9)
FN:37,(anonymous_10)
FNF:2
FNH:2
FNDA:5,(anonymous_9)
FNDA:4,(anonymous_10)
DA:1,1
DA:3,1
DA:4,1
DA:5,1
DA:6,1
DA:7,1
DA:8,1
DA:9,1
DA:10,1
DA:12,1
DA:14,1
DA:15,5
DA:16,5
DA:17,5
DA:18,5
DA:19,5
DA:20,5
DA:21,5
DA:22,5
DA:23,5
DA:24,5
DA:25,5
DA:26,5
DA:27,5
DA:30,5
DA:31,5
DA:32,5
DA:33,5
DA:34,5
DA:35,5
DA:37,5
DA:38,4
DA:41,5
DA:42,1
DA:45,4
DA:80,1
LF:36
LH:36
BRDA:41,0,0,1
BRDA:41,0,1,4
BRDA:41,1,0,5
BRDA:41,1,1,5
BRDA:41,1,2,5
BRDA:42,2,0,1
BRDA:42,2,1,1
BRDA:48,3,0,0
BRDA:48,3,1,4
BRDA:50,4,0,4
BRDA:50,4,1,0
BRF:11
BRH:9
end_of_record
TN:
SF:src/components/datagrid/common/constants.tsx
FNF:0
FNH:0
DA:1,2
DA:2,2
LF:2
LH:2
BRF:0
BRH:0
end_of_record
TN:
SF:src/components/datagrid/table/Table.tsx
FN:7,(anonymous_3)
FNF:1
FNH:1
FNDA:5,(anonymous_3)
DA:1,2
DA:7,5
DA:8,5
DA:11,2
LF:4
LH:4
BRF:0
BRH:0
end_of_record
TN:
SF:src/components/datagrid/table/index.tsx
FNF:0
FNH:0
DA:1,1
DA:3,1
LF:2
LH:2
BRF:0
BRH:0
end_of_record
TN:
SF:src/components/datagrid/tableBody/TableBody.tsx
FN:17,(anonymous_9)
FN:26,(anonymous_10)
FN:41,(anonymous_11)
FN:47,(anonymous_12)
FNF:4
FNH:3
FNDA:4,(anonymous_9)
FNDA:0,(anonymous_10)
FNDA:6,(anonymous_11)
FNDA:12,(anonymous_12)
DA:1,1
DA:3,1
DA:4,1
DA:5,1
DA:17,1
DA:18,4
DA:19,4
DA:20,4
DA:21,4
DA:22,4
DA:23,4
DA:25,4
DA:32,0
DA:33,0
DA:34,0
DA:35,0
DA:41,6
DA:49,12
DA:72,1
LF:19
LH:15
BRDA:32,0,0,0
BRDA:32,0,1,0
BRDA:32,1,0,0
BRDA:32,1,1,0
BRDA:32,1,2,0
BRDA:41,2,0,0
BRDA:41,2,1,4
BRDA:41,3,0,4
BRDA:41,3,1,4
BRDA:49,4,0,12
BRDA:49,4,1,12
BRDA:62,5,0,0
BRDA:62,5,1,6
BRF:13
BRH:6
end_of_record
TN:
SF:src/components/datagrid/tableBody/index.tsx
FNF:0
FNH:0
DA:1,1
DA:3,1
LF:2
LH:2
BRF:0
BRH:0
end_of_record
TN:
SF:src/components/datagrid/tableCell/TableCell.css
FNF:0
FNH:0
DA:1,3
LF:1
LH:1
BRF:0
BRH:0
end_of_record
TN:
SF:src/components/datagrid/tableCell/TableCell.tsx
FN:24,(anonymous_9)
FN:38,(anonymous_10)
FN:42,(anonymous_11)
FN:46,(anonymous_12)
FN:53,(anonymous_13)
FN:59,(anonymous_14)
FNF:6
FNH:6
FNDA:31,(anonymous_9)
FNDA:5,(anonymous_10)
FNDA:2,(anonymous_11)
FNDA:3,(anonymous_12)
FNDA:3,(anonymous_13)
FNDA:1,(anonymous_14)
DA:1,3
DA:3,3
DA:4,3
DA:5,3
DA:24,3
DA:25,31
DA:26,31
DA:27,31
DA:28,31
DA:29,31
DA:30,31
DA:31,31
DA:32,31
DA:33,31
DA:35,31
DA:36,31
DA:38,31
DA:39,5
DA:42,31
DA:43,2
DA:46,31
DA:47,3
DA:48,2
DA:49,2
DA:53,31
DA:54,3
DA:55,3
DA:58,31
DA:60,1
DA:61,1
DA:62,1
DA:67,31
DA:86,3
LF:33
LH:33
BRDA:39,0,0,0
BRDA:39,0,1,5
BRDA:43,1,0,2
BRDA:43,1,1,0
BRDA:47,2,0,2
BRDA:47,2,1,1
BRDA:60,3,0,1
BRDA:60,3,1,0
BRDA:61,4,0,1
BRDA:61,4,1,1
BRDA:69,5,0,31
BRDA:69,5,1,21
BRDA:74,6,0,31
BRDA:74,6,1,29
BRDA:74,6,2,18
BRDA:76,7,0,2
BRDA:76,7,1,29
BRF:17
BRH:14
end_of_record
TN:
SF:src/components/datagrid/tableCell/TableCellEditableInput.tsx
FN:9,(anonymous_8)
FN:16,(anonymous_9)
FN:20,(anonymous_10)
FN:24,(anonymous_11)
FN:27,(anonymous_12)
FNF:5
FNH:4
FNDA:2,(anonymous_8)
FNDA:0,(anonymous_9)
FNDA:1,(anonymous_10)
FNDA:2,(anonymous_11)
FNDA:2,(anonymous_12)
DA:1,3
DA:9,3
DA:10,2
DA:11,2
DA:12,2
DA:14,2
DA:16,2
DA:17,0
DA:20,2
DA:21,1
DA:24,2
DA:27,2
DA:30,2
DA:39,3
LF:14
LH:13
BRF:0
BRH:0
end_of_record
TN:
SF:src/components/datagrid/tableCell/index.tsx
FNF:0
FNH:0
DA:1,2
DA:3,2
LF:2
LH:2
BRF:0
BRH:0
end_of_record
TN:
SF:src/components/datagrid/tableCenteredContent/TableCenteredContent.css
FNF:0
FNH:0
DA:1,2
LF:1
LH:1
BRF:0
BRH:0
end_of_record
TN:
SF:src/components/datagrid/tableCenteredContent/TableCenteredContent.tsx
FN:9,(anonymous_3)
FNF:1
FNH:1
FNDA:2,(anonymous_3)
DA:1,2
DA:3,2
DA:9,2
DA:10,2
DA:17,2
LF:5
LH:5
BRF:0
BRH:0
end_of_record
TN:
SF:src/components/datagrid/tableCenteredContent/index.tsx
FNF:0
FNH:0
DA:1,1
DA:3,1
LF:2
LH:2
BRF:0
BRH:0
end_of_record
TN:
SF:src/components/datagrid/tableFooter/TableFooter.css
FNF:0
FNH:0
DA:1,2
LF:1
LH:1
BRF:0
BRH:0
end_of_record
TN:
SF:src/components/datagrid/tableFooter/TableFooter.tsx
FN:18,(anonymous_9)
FN:27,(anonymous_10)
FNF:2
FNH:1
FNDA:5,(anonymous_9)
FNDA:0,(anonymous_10)
DA:1,2
DA:3,2
DA:4,2
DA:5,2
DA:7,2
DA:8,2
DA:18,2
DA:19,5
DA:20,5
DA:21,5
DA:22,5
DA:23,5
DA:25,5
DA:26,5
DA:28,0
DA:29,0
DA:34,5
DA:52,2
LF:18
LH:16
BRDA:37,0,0,0
BRDA:37,0,1,5
BRDA:41,1,0,5
BRDA:41,1,1,4
BRDA:42,2,0,5
BRDA:42,2,1,4
BRDA:46,3,0,0
BRDA:46,3,1,5
BRDA:45,4,0,5
BRDA:45,4,1,0
BRDA:45,5,0,0
BRDA:45,5,1,0
BRDA:45,6,0,0
BRDA:45,6,1,0
BRF:14
BRH:7
end_of_record
TN:
SF:src/components/datagrid/tableFooter/TablePageLimit.tsx
FN:11,(anonymous_3)
FN:24,(anonymous_4)
FNF:2
FNH:2
FNDA:4,(anonymous_3)
FNDA:14,(anonymous_4)
DA:1,2
DA:11,2
DA:12,4
DA:13,4
DA:14,4
DA:16,4
DA:24,14
DA:32,2
LF:8
LH:8
BRDA:24,0,0,0
BRDA:24,0,1,4
BRDA:24,1,0,4
BRDA:24,1,1,4
BRF:4
BRH:3
end_of_record
TN:
SF:src/components/datagrid/tableFooter/index.tsx
FNF:0
FNH:0
DA:1,1
DA:3,1
LF:2
LH:2
BRF:0
BRH:0
end_of_record
TN:
SF:src/components/datagrid/tableHeader/TableHeader.css
FNF:0
FNH:0
DA:1,2
LF:1
LH:1
BRF:0
BRH:0
end_of_record
TN:
SF:src/components/datagrid/tableHeader/TableHeader.tsx
FN:18,(anonymous_9)
FN:29,(anonymous_10)
FNF:2
FNH:2
FNDA:5,(anonymous_9)
FNDA:10,(anonymous_10)
DA:1,2
DA:3,2
DA:4,2
DA:5,2
DA:6,2
DA:8,2
DA:18,2
DA:19,5
DA:20,5
DA:21,5
DA:22,5
DA:23,5
DA:25,5
DA:26,5
DA:31,10
DA:48,2
LF:16
LH:16
BRDA:31,0,0,10
BRDA:31,0,1,10
BRDA:37,1,0,0
BRDA:37,1,1,10
BRDA:43,2,0,0
BRDA:43,2,1,5
BRF:6
BRH:4
end_of_record
TN:
SF:src/components/datagrid/tableHeader/index.tsx
FNF:0
FNH:0
DA:1,1
DA:3,1
LF:2
LH:2
BRF:0
BRH:0
end_of_record
TN:
SF:src/components/datagrid/tableLoader/TableLoader.css
FNF:0
FNH:0
DA:1,2
LF:1
LH:1
BRF:0
BRH:0
end_of_record
TN:
SF:src/components/datagrid/tableLoader/TableLoader.tsx
FN:9,(anonymous_3)
FNF:1
FNH:1
FNDA:1,(anonymous_3)
DA:1,2
DA:3,2
DA:9,2
DA:10,1
DA:17,2
LF:5
LH:5
BRF:0
BRH:0
end_of_record
TN:
SF:src/components/datagrid/tableLoader/index.tsx
FNF:0
FNH:0
DA:1,1
DA:3,1
LF:2
LH:2
BRF:0
BRH:0
end_of_record
TN:
SF:src/components/datagrid/tablePagination/TablePagination.css
FNF:0
FNH:0
DA:1,3
LF:1
LH:1
BRF:0
BRH:0
end_of_record
TN:
SF:src/components/datagrid/tablePagination/TablePagination.tsx
FN:12,(anonymous_3)
FNF:1
FNH:1
FNDA:2,(anonymous_3)
DA:1,3
DA:3,3
DA:4,3
DA:6,3
DA:12,3
DA:13,10
DA:16,2
DA:17,2
DA:19,2
DA:35,3
LF:10
LH:10
BRDA:21,0,0,2
BRDA:21,0,1,1
BRDA:26,1,0,0
BRDA:26,1,1,1
BRF:4
BRH:3
end_of_record
TN:
SF:src/components/datagrid/tablePagination/TablePaginationAction.tsx
FN:8,(anonymous_3)
FNF:1
FNH:1
FNDA:3,(anonymous_3)
DA:1,4
DA:8,4
DA:9,3
DA:10,3
DA:12,3
DA:20,4
LF:6
LH:6
BRF:0
BRH:0
end_of_record
TN:
SF:src/components/datagrid/tablePagination/TablePaginationData.tsx
FN:9,(anonymous_3)
FNF:1
FNH:1
FNDA:1,(anonymous_3)
DA:1,3
DA:9,3
DA:10,1
DA:11,1
DA:12,1
DA:14,1
DA:22,3
LF:7
LH:7
BRF:0
BRH:0
end_of_record
TN:
SF:src/components/datagrid/tablePagination/index.tsx
FNF:0
FNH:0
DA:1,2
DA:3,2
LF:2
LH:2
BRF:0
BRH:0
end_of_record
TN:
SF:src/components/datagrid/tableRow/TableRow.css
FNF:0
FNH:0
DA:1,3
LF:1
LH:1
BRF:0
BRH:0
end_of_record
TN:
SF:src/components/datagrid/tableRow/TableRow.tsx
FN:10,(anonymous_3)
FNF:1
FNH:1
FNDA:12,(anonymous_3)
DA:1,3
DA:3,3
DA:10,12
DA:11,12
DA:18,3
LF:5
LH:5
BRF:0
BRH:0
end_of_record
TN:
SF:src/components/datagrid/tableRow/index.tsx
FNF:0
FNH:0
DA:1,2
DA:3,2
LF:2
LH:2
BRF:0
BRH:0
end_of_record
TN:
SF:src/components/datagrid/tableRowAction/TableRowAction.css
FNF:0
FNH:0
DA:1,3
LF:1
LH:1
BRF:0
BRH:0
end_of_record
TN:
SF:src/components/datagrid/tableRowAction/TableRowAction.tsx
FN:14,(anonymous_8)
FN:31,(anonymous_9)
FN:35,(anonymous_10)
FNF:3
FNH:3
FNDA:3,(anonymous_8)
FNDA:3,(anonymous_9)
FNDA:2,(anonymous_10)
DA:1,3
DA:3,3
DA:5,3
DA:14,3
DA:15,3
DA:16,3
DA:17,3
DA:18,3
DA:20,3
DA:21,3
DA:31,3
DA:35,2
DA:46,3
LF:13
LH:13
BRDA:24,0,0,0
BRDA:24,0,1,3
BRDA:28,1,0,1
BRDA:28,1,1,2
BRDA:31,2,0,0
BRDA:31,2,1,2
BRDA:31,3,0,2
BRDA:31,3,1,2
BRF:8
BRH:6
end_of_record
TN:
SF:src/components/datagrid/tableRowAction/index.tsx
FNF:0
FNH:0
DA:1,2
DA:3,2
LF:2
LH:2
BRF:0
BRH:0
end_of_record
