TN:
SF:src/components/datagrid/common/constants.tsx
FNF:0
FNH:0
DA:1,1
DA:2,1
LF:2
LH:2
BRF:0
BRH:0
end_of_record
TN:
SF:src/components/datagrid/tableCell/TableCell.css
FNF:0
FNH:0
DA:1,1
LF:1
LH:1
BRF:0
BRH:0
end_of_record
TN:
SF:src/components/datagrid/tableCell/TableCell.tsx
FN:23,(anonymous_3)
FN:36,(anonymous_4)
FN:40,(anonymous_5)
FN:46,(anonymous_6)
FN:50,(anonymous_7)
FNF:5
FNH:1
FNDA:2,(anonymous_3)
FNDA:0,(anonymous_4)
FNDA:0,(anonymous_5)
FNDA:0,(anonymous_6)
FNDA:0,(anonymous_7)
DA:1,1
DA:3,1
DA:4,1
DA:23,1
DA:24,2
DA:25,2
DA:26,2
DA:27,2
DA:28,2
DA:29,2
DA:30,2
DA:31,2
DA:32,2
DA:34,2
DA:36,2
DA:37,0
DA:40,2
DA:41,0
DA:42,0
DA:46,2
DA:47,0
DA:50,2
DA:51,0
DA:52,0
DA:53,0
DA:56,2
DA:75,1
LF:27
LH:20
BRDA:37,0,0,0
BRDA:37,0,1,0
BRDA:41,1,0,0
BRDA:41,1,1,0
BRDA:51,2,0,0
BRDA:51,2,1,0
BRDA:52,3,0,0
BRDA:52,3,1,0
BRDA:58,4,0,2
BRDA:58,4,1,0
BRDA:63,5,0,2
BRDA:63,5,1,2
BRDA:63,5,2,0
BRDA:65,6,0,0
BRDA:65,6,1,2
BRF:15
BRH:4
end_of_record
TN:
SF:src/components/datagrid/tableCell/TableCellEditableInput.tsx
FN:9,(anonymous_3)
FN:16,(anonymous_4)
FN:20,(anonymous_5)
FNF:3
FNH:0
FNDA:0,(anonymous_3)
FNDA:0,(anonymous_4)
FNDA:0,(anonymous_5)
DA:1,1
DA:9,1
DA:10,0
DA:11,0
DA:12,0
DA:14,0
DA:16,0
DA:17,0
DA:20,0
DA:21,0
DA:24,0
DA:33,1
LF:12
LH:3
BRF:0
BRH:0
end_of_record
TN:
SF:src/components/datagrid/tableCell/index.tsx
FNF:0
FNH:0
DA:1,1
DA:3,1
LF:2
LH:2
BRF:0
BRH:0
end_of_record
TN:
SF:src/components/datagrid/tableCenteredContent/TableCenteredContent.css
FNF:0
FNH:0
DA:1,1
LF:1
LH:1
BRF:0
BRH:0
end_of_record
TN:
SF:src/components/datagrid/tableCenteredContent/TableCenteredContent.tsx
FN:9,(anonymous_3)
FNF:1
FNH:1
FNDA:1,(anonymous_3)
DA:1,1
DA:3,1
DA:9,1
DA:10,1
DA:17,1
LF:5
LH:5
BRF:0
BRH:0
end_of_record
TN:
SF:src/components/datagrid/tableFooter/TableFooter.css
FNF:0
FNH:0
DA:1,1
LF:1
LH:1
BRF:0
BRH:0
end_of_record
TN:
SF:src/components/datagrid/tableFooter/TableFooter.tsx
FN:17,(anonymous_3)
FN:24,(anonymous_4)
FNF:2
FNH:1
FNDA:1,(anonymous_3)
FNDA:0,(anonymous_4)
DA:1,1
DA:3,1
DA:4,1
DA:6,1
DA:7,1
DA:17,1
DA:18,1
DA:19,1
DA:20,1
DA:21,1
DA:22,1
DA:24,1
DA:27,0
DA:28,0
DA:31,1
DA:45,1
LF:16
LH:14
BRDA:34,0,0,1
BRDA:34,0,1,0
BRDA:35,1,0,1
BRDA:35,1,1,0
BRDA:39,2,0,0
BRDA:39,2,1,1
BRDA:38,3,0,1
BRDA:38,3,1,0
BRDA:38,4,0,0
BRDA:38,4,1,0
BRDA:38,5,0,0
BRDA:38,5,1,0
BRF:12
BRH:4
end_of_record
TN:
SF:src/components/datagrid/tableFooter/TablePageLimit.tsx
FN:11,(anonymous_3)
FN:24,(anonymous_4)
FNF:2
FNH:2
FNDA:1,(anonymous_3)
FNDA:2,(anonymous_4)
DA:1,1
DA:11,1
DA:12,1
DA:13,1
DA:14,1
DA:16,1
DA:24,2
DA:32,1
LF:8
LH:8
BRDA:24,0,0,0
BRDA:24,0,1,1
BRDA:24,1,0,1
BRDA:24,1,1,1
BRF:4
BRH:3
end_of_record
TN:
SF:src/components/datagrid/tableHeader/TableHeader.css
FNF:0
FNH:0
DA:1,1
LF:1
LH:1
BRF:0
BRH:0
end_of_record
TN:
SF:src/components/datagrid/tableHeader/TableHeader.tsx
FN:17,(anonymous_3)
FN:27,(anonymous_4)
FNF:2
FNH:2
FNDA:1,(anonymous_3)
FNDA:2,(anonymous_4)
DA:1,1
DA:3,1
DA:4,1
DA:5,1
DA:7,1
DA:17,1
DA:18,1
DA:19,1
DA:20,1
DA:21,1
DA:22,1
DA:24,1
DA:29,2
DA:44,1
LF:14
LH:14
BRDA:29,0,0,2
BRDA:29,0,1,2
BRDA:39,1,0,0
BRDA:39,1,1,1
BRF:4
BRH:3
end_of_record
TN:
SF:src/components/datagrid/tableLoader/TableLoader.css
FNF:0
FNH:0
DA:1,1
LF:1
LH:1
BRF:0
BRH:0
end_of_record
TN:
SF:src/components/datagrid/tableLoader/TableLoader.tsx
FN:9,(anonymous_3)
FNF:1
FNH:1
FNDA:1,(anonymous_3)
DA:1,1
DA:3,1
DA:9,1
DA:10,1
DA:17,1
LF:5
LH:5
BRF:0
BRH:0
end_of_record
TN:
SF:src/components/datagrid/tablePagination/TablePagination.css
FNF:0
FNH:0
DA:1,2
LF:1
LH:1
BRF:0
BRH:0
end_of_record
TN:
SF:src/components/datagrid/tablePagination/TablePagination.tsx
FN:12,(anonymous_3)
FNF:1
FNH:1
FNDA:2,(anonymous_3)
DA:1,2
DA:3,2
DA:4,2
DA:6,2
DA:12,2
DA:13,10
DA:15,2
DA:16,2
DA:18,2
DA:34,2
LF:10
LH:10
BRDA:20,0,0,2
BRDA:20,0,1,1
BRF:2
BRH:2
end_of_record
TN:
SF:src/components/datagrid/tablePagination/TablePaginationAction.tsx
FN:8,(anonymous_3)
FNF:1
FNH:1
FNDA:3,(anonymous_3)
DA:1,3
DA:8,3
DA:9,3
DA:10,3
DA:12,3
DA:20,3
LF:6
LH:6
BRF:0
BRH:0
end_of_record
TN:
SF:src/components/datagrid/tablePagination/TablePaginationData.tsx
FN:9,(anonymous_3)
FNF:1
FNH:1
FNDA:1,(anonymous_3)
DA:1,2
DA:9,2
DA:10,1
DA:11,1
DA:12,1
DA:14,1
DA:22,2
LF:7
LH:7
BRF:0
BRH:0
end_of_record
TN:
SF:src/components/datagrid/tablePagination/index.tsx
FNF:0
FNH:0
DA:1,1
DA:3,1
LF:2
LH:2
BRF:0
BRH:0
end_of_record
TN:
SF:src/components/datagrid/tableRow/TableRow.css
FNF:0
FNH:0
DA:1,1
LF:1
LH:1
BRF:0
BRH:0
end_of_record
TN:
SF:src/components/datagrid/tableRow/TableRow.tsx
FN:11,(anonymous_3)
FNF:1
FNH:1
FNDA:1,(anonymous_3)
DA:1,1
DA:3,1
DA:11,1
DA:12,1
DA:19,1
LF:5
LH:5
BRF:0
BRH:0
end_of_record
TN:
SF:src/components/datagrid/tableRow/index.tsx
FNF:0
FNH:0
DA:1,1
DA:3,1
LF:2
LH:2
BRF:0
BRH:0
end_of_record
TN:
SF:src/components/datagrid/tableRowAction/TableRowAction.css
FNF:0
FNH:0
DA:1,1
LF:1
LH:1
BRF:0
BRH:0
end_of_record
TN:
SF:src/components/datagrid/tableRowAction/TableRowAction.tsx
FN:13,(anonymous_3)
FN:25,(anonymous_4)
FN:29,(anonymous_5)
FNF:3
FNH:0
FNDA:0,(anonymous_3)
FNDA:0,(anonymous_4)
FNDA:0,(anonymous_5)
DA:1,1
DA:4,1
DA:13,1
DA:14,0
DA:15,0
DA:16,0
DA:17,0
DA:19,0
DA:25,0
DA:29,0
DA:40,1
LF:11
LH:4
BRDA:22,0,0,0
BRDA:22,0,1,0
BRDA:25,1,0,0
BRDA:25,1,1,0
BRDA:25,2,0,0
BRDA:25,2,1,0
BRF:6
BRH:0
end_of_record
TN:
SF:src/components/datagrid/tableRowAction/index.tsx
FNF:0
FNH:0
DA:1,1
DA:3,1
LF:2
LH:2
BRF:0
BRH:0
end_of_record
